Log file open, 08/21/17 22:35:09
LogInit:Display: Running engine for game: Concern
LogPlatformFile: Not using cached read wrapper
LogInit:Display: RandInit(-423564657) SRandInit(-423564657).
LogTaskGraph: Started task graph with 5 named threads and 8 total threads with 1 sets of task threads.
LogStats: Stats thread started at 0.077679
LogInit: Using libcurl 7.47.1
LogInit:  - built for x86_64-pc-win32
LogInit:  - supports SSL with OpenSSL/1.0.2g
LogInit:  - supports HTTP deflate (compression) using libz 1.2.8
LogInit:  - other features:
LogInit:      CURL_VERSION_SSL
LogInit:      CURL_VERSION_LIBZ
LogInit:      CURL_VERSION_IPV6
LogInit:      CURL_VERSION_ASYNCHDNS
LogInit:      CURL_VERSION_LARGEFILE
LogInit:      CURL_VERSION_IDN
LogInit:  CurlRequestOptions (configurable via config and command line):
LogInit:  - bVerifyPeer = false  - Libcurl will NOT verify peer certificate
LogInit:  - bUseHttpProxy = false  - Libcurl will NOT use HTTP proxy
LogInit:  - bDontReuseConnections = false  - Libcurl will reuse connections
LogInit:  - CertBundlePath = nullptr  - Libcurl will use whatever was configured at build time.
LogInit: Build: ++UE4+Release-4.16-CL-3466753
LogInit: Engine Version: 4.16.1-3466753+++UE4+Release-4.16
LogInit: Compatible Engine Version: 4.16.0-3452394+++UE4+Release-4.16
LogInit: Net CL: 3452394
LogDevObjectVersion: Number of dev versions registered: 16
LogDevObjectVersion:   Dev-Blueprints (B0D832E4-1F89-4F0D-ACCF-7EB736FD4AA2): 9
LogDevObjectVersion:   Dev-Build (E1C64328-A22C-4D53-A36C-8E866417BD8C): 0
LogDevObjectVersion:   Dev-Core (375EC13C-06E4-48FB-B500-84F0262A717E): 2
LogDevObjectVersion:   Dev-Editor (E4B068ED-F494-42E9-A231-DA0B2E46BB41): 17
LogDevObjectVersion:   Dev-Framework (CFFC743F-43B0-4480-9391-14DF171D2073): 23
LogDevObjectVersion:   Dev-Mobile (B02B49B5-BB20-44E9-A304-32B752E40360): 0
LogDevObjectVersion:   Dev-Networking (A4E4105C-59A1-49B5-A7C5-40C4547EDFEE): 0
LogDevObjectVersion:   Dev-Online (39C831C9-5AE6-47DC-9A44-9C173E1C8E7C): 0
LogDevObjectVersion:   Dev-Physics (78F01B33-EBEA-4F98-B9B4-84EACCB95AA2): 0
LogDevObjectVersion:   Dev-Platform (6631380F-2D4D-43E0-8009-CF276956A95A): 0
LogDevObjectVersion:   Dev-Rendering (12F88B9F-8875-4AFC-A67C-D90C383ABD29): 15
LogDevObjectVersion:   Dev-Sequencer (7B5AE74C-D270-4C10-A958-57980B212A5A): 4
LogDevObjectVersion:   Dev-VR (D7296918-1DD6-4BDD-9DE2-64A83CC13884): 0
LogDevObjectVersion:   Dev-LoadTimes (C2A15278-BFE7-4AFE-6C17-90FF531DF755): 1
LogDevObjectVersion:   Private-Geometry (6EACA3D4-40EC-4CC1-B786-8BED09428FC5): 1
LogDevObjectVersion:   Dev-AnimPhys (29E575DD-E0A3-4627-9D10-D276232CDCEA): 3
LogInit: Compiled (64-bit): May 31 2017 02:03:30
LogInit: Compiled with Visual C++: 19.00.24215.01
LogInit: Build Configuration: Development
LogInit: Branch Name: ++UE4+Release-4.16
LogInit: Command line: -EpicPortal 
LogInit: Base directory: E:/Program Files/Epic Games/UE_4.16/Engine/Binaries/Win64/
LogInit: Installed Engine Build: 1
LogInit: Presizing for max 8388607 objects, including 0 objects not considered by GC, pre-allocating 0 bytes for permanent pool.
LogInit: Object subsystem initialized
[2017.08.21-19.35.10:033][  0]LogInit: Selected Device Profile: [Windows]
[2017.08.21-19.35.10:033][  0]LogInit: Applying CVar settings loaded from the selected device profile: [Windows]
[2017.08.21-19.35.10:041][  0]LogInit: Computer: DESKTOP-ATSIGRP
[2017.08.21-19.35.10:041][  0]LogInit: User: konast
[2017.08.21-19.35.10:041][  0]LogInit: CPU Page size=4096, Cores=4
[2017.08.21-19.35.10:041][  0]LogInit: High frequency timer resolution =3.914064 MHz
[2017.08.21-19.35.10:041][  0]LogMemory: Memory total: Physical=16.0GB (16GB approx)
[2017.08.21-19.35.10:041][  0]LogMemory: Platform Memory Stats for Windows
[2017.08.21-19.35.10:041][  0]LogMemory: Process Physical Memory: 272.69 MB used, 272.69 MB peak
[2017.08.21-19.35.10:041][  0]LogMemory: Process Virtual Memory: 263.05 MB used, 263.05 MB peak
[2017.08.21-19.35.10:041][  0]LogMemory: Physical Memory: 7598.13 MB used,  8745.34 MB free, 16343.46 MB total
[2017.08.21-19.35.10:041][  0]LogMemory: Virtual Memory: 640.66 MB used,  8745.34 MB free, 134217728.00 MB total
[2017.08.21-19.35.10:089][  0]LogInit: Using OS detected language (ru-RU).
[2017.08.21-19.35.10:089][  0]LogInit: Using OS detected locale (ru-RU).
[2017.08.21-19.35.10:091][  0]LogTextLocalizationManager: No localization for 'ru-RU' exists, so 'en' will be used for the language.
[2017.08.21-19.35.10:091][  0]LogTextLocalizationManager: No localization for 'ru-RU' exists, so 'en' will be used for the locale.
[2017.08.21-19.35.10:782][  0]LogD3D11RHI: D3D11 adapters:
[2017.08.21-19.35.10:887][  0]LogD3D11RHI:    0. 'NVIDIA GeForce GTX 1070' (Feature Level 11_0)
[2017.08.21-19.35.10:887][  0]LogD3D11RHI:       8119/0/8171 MB DedicatedVideo/DedicatedSystem/SharedSystem, Outputs:1, VendorId:0x10de
[2017.08.21-19.35.10:887][  0]LogD3D11RHI:    1. 'Microsoft Basic Render Driver' (Feature Level 11_0)
[2017.08.21-19.35.10:887][  0]LogD3D11RHI:       0/0/8171 MB DedicatedVideo/DedicatedSystem/SharedSystem, Outputs:0, VendorId:0x1414
[2017.08.21-19.35.10:887][  0]LogD3D11RHI: Chosen D3D11 Adapter: 0
[2017.08.21-19.35.10:893][  0]LogD3D11RHI: Creating new Direct3DDevice
[2017.08.21-19.35.10:893][  0]LogD3D11RHI:     GPU DeviceId: 0x1b81 (for the marketing name, search the web for "GPU Device Id")
[2017.08.21-19.35.10:893][  0]LogWindows: EnumDisplayDevices:
[2017.08.21-19.35.10:894][  0]LogWindows:    0. 'NVIDIA GeForce GTX 1070' (P:1 D:1)
[2017.08.21-19.35.10:894][  0]LogWindows:    1. 'NVIDIA GeForce GTX 1070' (P:0 D:0)
[2017.08.21-19.35.10:894][  0]LogWindows:    2. 'NVIDIA GeForce GTX 1070' (P:0 D:0)
[2017.08.21-19.35.10:894][  0]LogWindows:    3. 'NVIDIA GeForce GTX 1070' (P:0 D:0)
[2017.08.21-19.35.10:894][  0]LogWindows: DebugString: FoundDriverCount:4 
[2017.08.21-19.35.10:894][  0]LogD3D11RHI:     Adapter Name: NVIDIA GeForce GTX 1070
[2017.08.21-19.35.10:894][  0]LogD3D11RHI:   Driver Version: 382.53 (internal:22.21.13.8253, unified:382.53)
[2017.08.21-19.35.10:894][  0]LogD3D11RHI:      Driver Date: 6-7-2017
[2017.08.21-19.35.10:894][  0]LogRHI: Texture pool is 1361 MB (70% of 1945 MB)
[2017.08.21-19.35.10:912][  0]LogD3D11RHI: Async texture creation enabled
[2017.08.21-19.35.10:921][  0]LogD3D11RHI: GPU Timing Frequency: 1000.000000 (Debug: 2 1)
[2017.08.21-19.35.10:967][  0]LogShaderCompilers: Guid format shader working directory is 18 characters bigger than the processId version (../../../../../../UE/Concern/Intermediate/Shaders/WorkingDirectory/31148/).
[2017.08.21-19.35.10:967][  0]LogShaderCompilers: Cleaned the shader compiler working directory 'C:/Users/konast/AppData/Local/Temp/UnrealShaderWorkingDir/0FFCA44B4B83DC0276BD13A11237B73E/'.
[2017.08.21-19.35.10:967][  0]LogShaderCompilers:Display: Using Local Shader Compiler.
[2017.08.21-19.35.11:712][  0]LogTemp:Display: Loaded TP AllDesktopTargetPlatform
[2017.08.21-19.35.11:740][  0]LogTemp:Display: Loaded TP MacClientTargetPlatform
[2017.08.21-19.35.11:768][  0]LogTemp:Display: Loaded TP MacNoEditorTargetPlatform
[2017.08.21-19.35.11:797][  0]LogTemp:Display: Loaded TP MacServerTargetPlatform
[2017.08.21-19.35.11:824][  0]LogTemp:Display: Loaded TP MacTargetPlatform
[2017.08.21-19.35.11:852][  0]LogTemp:Display: Loaded TP WindowsClientTargetPlatform
[2017.08.21-19.35.11:879][  0]LogTemp:Display: Loaded TP WindowsNoEditorTargetPlatform
[2017.08.21-19.35.11:907][  0]LogTemp:Display: Loaded TP WindowsServerTargetPlatform
[2017.08.21-19.35.11:930][  0]LogTemp:Display: Loaded TP WindowsTargetPlatform
[2017.08.21-19.35.11:959][  0]LogTemp:Display: Loaded TP AndroidTargetPlatform
[2017.08.21-19.35.11:991][  0]LogTemp:Display: Loaded TP Android_ASTCTargetPlatform
[2017.08.21-19.35.12:018][  0]LogTemp:Display: Loaded TP Android_ATCTargetPlatform
[2017.08.21-19.35.12:045][  0]LogTemp:Display: Loaded TP Android_DXTTargetPlatform
[2017.08.21-19.35.12:073][  0]LogTemp:Display: Loaded TP Android_ETC1TargetPlatform
[2017.08.21-19.35.12:101][  0]LogTemp:Display: Loaded TP Android_ETC2TargetPlatform
[2017.08.21-19.35.12:159][  0]LogTemp:Display: Loaded TP Android_MultiTargetPlatform
[2017.08.21-19.35.12:159][  0]LogTemp:Display: Loaded TP Android_PVRTCTargetPlatform
[2017.08.21-19.35.12:180][  0]LogTemp:Display: Loaded TP HTML5TargetPlatform
[2017.08.21-19.35.12:244][  0]LogTemp:Display: Loaded TP IOSTargetPlatform
[2017.08.21-19.35.12:261][  0]LogTemp:Display: Loaded TP TVOSTargetPlatform
[2017.08.21-19.35.12:288][  0]LogTemp:Display: Loaded TP LinuxClientTargetPlatform
[2017.08.21-19.35.12:317][  0]LogTemp:Display: Loaded TP LinuxNoEditorTargetPlatform
[2017.08.21-19.35.12:343][  0]LogTemp:Display: Loaded TP LinuxServerTargetPlatform
[2017.08.21-19.35.12:370][  0]LogTemp:Display: Loaded TP LinuxTargetPlatform
[2017.08.21-19.35.12:371][  0]LogTargetPlatformManager:Display: Building Assets For Windows
[2017.08.21-19.35.12:634][  0]LogDerivedDataCache:Display: Max Cache Size: 512 MB
[2017.08.21-19.35.12:723][  0]LogDerivedDataCache: Loaded boot cache 0.09s 90MB C:/Users/konast/AppData/Local/UnrealEngine/4.16/DerivedDataCache/Boot.ddc.
[2017.08.21-19.35.12:723][  0]LogDerivedDataCache:Display: Loaded Boot cache: C:/Users/konast/AppData/Local/UnrealEngine/4.16/DerivedDataCache/Boot.ddc
[2017.08.21-19.35.12:723][  0]LogDerivedDataCache: FDerivedDataBackendGraph:  Pak pak cache file ../../../../../../UE/Concern/DerivedDataCache/DDC.ddp not found, will not use a pak cache.
[2017.08.21-19.35.12:723][  0]LogDerivedDataCache: Unable to find inner node Pak for hierarchical cache Hierarchy.
[2017.08.21-19.35.12:723][  0]LogDerivedDataCache: FDerivedDataBackendGraph:  CompressedPak pak cache file ../../../../../../UE/Concern/DerivedDataCache/Compressed.ddp not found, will not use a pak cache.
[2017.08.21-19.35.12:723][  0]LogDerivedDataCache: Unable to find inner node CompressedPak for hierarchical cache Hierarchy.
[2017.08.21-19.35.12:737][  0]LogDerivedDataCache:Display: Pak cache opened for reading ../../../Engine/DerivedDataCache/Compressed.ddp.
[2017.08.21-19.35.12:749][  0]LogDerivedDataCache: Using Local data cache path C:/Users/konast/AppData/Local/UnrealEngine/Common/DerivedDataCache: Writable
[2017.08.21-19.35.12:759][  0]LogMaterial: Verifying Global Shaders for PCD3D_SM5
[2017.08.21-19.35.12:759][  0]LogSlate: Using Freetype 2.6.0
[2017.08.21-19.35.12:760][  0]LogSlate: SlateFontCache - WITH_FREETYPE: 1, WITH_HARFBUZZ: 1
[2017.08.21-19.35.12:760][  0]LogSlate: SlateFontCache - WITH_FREETYPE: 1, WITH_HARFBUZZ: 1
[2017.08.21-19.35.13:051][  0]LogInit: Selected Device Profile: [Windows]
[2017.08.21-19.35.13:377][  0]LogContentStreaming: Texture pool size is 0.00 MB
[2017.08.21-19.35.13:479][  0]LogMeshUtilities: Using QuadricMeshReduction for automatic static mesh reduction
[2017.08.21-19.35.13:501][  0]LogSimplygon: Simplygon DLL not present - disabling.
[2017.08.21-19.35.13:526][  0]LogMeshUtilities: Using SimplygonSwarm for distributed automatic mesh merging
[2017.08.21-19.35.13:526][  0]LogMeshUtilities: No automatic skeletal mesh reduction module available
[2017.08.21-19.35.13:526][  0]LogMeshUtilities: No automatic mesh merging module available
[2017.08.21-19.35.13:918][  0]LogNetVersion: Concern , NetCL: 3452394, EngineNetVer: 2, GameNetVer: 0 (Checksum: 3095110092)
[2017.08.21-19.35.13:964][  0]LogAssetRegistry: FAssetRegistry took 0.0239 seconds to start up
[2017.08.21-19.35.13:987][  0]LogPackageLocalizationCache: Processed 4 localized package path(s) for 1 prioritized culture(s) in 0.011682 seconds
[2017.08.21-19.35.13:992][  0]LogUObjectArray: 34194 objects as part of root set at end of initial load.
[2017.08.21-19.35.13:992][  0]LogUObjectAllocator: 7260416 out of 0 bytes used by permanent object pool.
[2017.08.21-19.35.13:992][  0]LogUObjectArray: CloseDisregardForGC: 0/0 objects in disregard for GC pool
[2017.08.21-19.35.14:032][  0]LogInit: WinSock: version 1.1 (2.2), MaxSocks=32767, MaxUdp=65467
[2017.08.21-19.35.15:652][  0]LogTcpMessaging: Initializing TcpMessaging bridge
[2017.08.21-19.35.15:685][  0]LogUdpMessaging: Initializing bridge on interface 0.0.0.0:0 to multicast group 230.0.0.1:6666.
[2017.08.21-19.35.15:987][  0]LogMaterial: Uniform references updated for custom material expression Custom.
[2017.08.21-19.35.16:221][  0]SourceControl: Info Source control is disabled
[2017.08.21-19.35.16:222][  0]SourceControl: Info Source control is disabled
[2017.08.21-19.35.16:246][  0]SourceControl: Info Source control is disabled
[2017.08.21-19.35.16:270][  0]SourceControl: Info Source control is disabled
[2017.08.21-19.35.16:628][  0]LogAndroidPermission: UAndroidPermissionCallbackProxy::GetInstance
[2017.08.21-19.35.16:944][  0]LogEngine: Initializing Engine...
[2017.08.21-19.35.16:944][  0]LogHMD: Failed to initialize OpenVR with code 110
[2017.08.21-19.35.17:103][  0]LogStats: UGameplayTagsManager::ConstructGameplayTagTree: Construct from data asset -  0.000 s
[2017.08.21-19.35.17:103][  0]LogStats: UGameplayTagsManager::ConstructGameplayTagTree: GameplayTagTreeChangedEvent.Broadcast -  0.000 s
[2017.08.21-19.35.17:197][  0]LogAIModule: Creating AISystem for world Untitled
[2017.08.21-19.35.17:203][  0]LogInit: XAudio2 using 'Динамики (Samson GoMic)' : 2 channels at 44.1 kHz using 16 bits per sample (channel mask 0x3)
[2017.08.21-19.35.17:210][  0]LogInit: FAudioDevice initialized.
[2017.08.21-19.35.17:244][  0]LogDerivedDataCache: Saved boot cache 0.03s 90MB C:/Users/konast/AppData/Local/UnrealEngine/4.16/DerivedDataCache/Boot.ddc.
[2017.08.21-19.35.17:250][  0]LogInit: Texture streaming: Enabled
[2017.08.21-19.35.17:301][  0]LogEngineSessionManager: EngineSessionManager initialized
[2017.08.21-19.35.17:416][  0]LogInit: Transaction tracking system initialized
[2017.08.21-19.35.17:574][  0]BlueprintLog: New page: Editor Load
[2017.08.21-19.35.18:098][  0]LocalizationService: Info Localization service is disabled
[2017.08.21-19.35.18:460][  0]LogConsoleResponse:Display: 
[2017.08.21-19.35.18:565][  0]LogFileCache: Scanning file cache for directory 'E:/UE/Concern/Content/' took 0.01s
[2017.08.21-19.35.18:565][  0]LogCook:Display: Max memory allowance for cook 16384mb min free memory 0mb
[2017.08.21-19.35.18:565][  0]LogCook:Display: Mobile HDR setting 1
[2017.08.21-19.35.19:091][  0]SourceControl: Info Source control is disabled
[2017.08.21-19.35.19:092][  0]LogFactory: FactoryCreateFile: PackFactory with PackFactory (0 0 E:/Program Files/Epic Games/UE_4.16/FeaturePacks/StarterContent.upack)
[2017.08.21-19.35.19:096][  0]LogPackFactory: Finished extracting 8 files (including 0 errors).
[2017.08.21-19.35.19:099][  0]LogPackFactory: Copied "../../../Samples/StarterContent/Content/StarterContent/Architecture/Floor_400x400.uasset" to "../../../../../../UE/Concern/Content/StarterContent/Architecture/Floor_400x400.uasset"
[2017.08.21-19.35.19:102][  0]LogPackFactory: Copied "../../../Samples/StarterContent/Content/StarterContent/Architecture/Pillar_50x500.uasset" to "../../../../../../UE/Concern/Content/StarterContent/Architecture/Pillar_50x500.uasset"
[2017.08.21-19.35.19:105][  0]LogPackFactory: Copied "../../../Samples/StarterContent/Content/StarterContent/Architecture/SM_AssetPlatform.uasset" to "../../../../../../UE/Concern/Content/StarterContent/Architecture/SM_AssetPlatform.uasset"
[2017.08.21-19.35.19:109][  0]LogPackFactory: Copied "../../../Samples/StarterContent/Content/StarterContent/Architecture/Wall_400x200.uasset" to "../../../../../../UE/Concern/Content/StarterContent/Architecture/Wall_400x200.uasset"
[2017.08.21-19.35.19:112][  0]LogPackFactory: Copied "../../../Samples/StarterContent/Content/StarterContent/Architecture/Wall_400x300.uasset" to "../../../../../../UE/Concern/Content/StarterContent/Architecture/Wall_400x300.uasset"
[2017.08.21-19.35.19:115][  0]LogPackFactory: Copied "../../../Samples/StarterContent/Content/StarterContent/Architecture/Wall_400x400.uasset" to "../../../../../../UE/Concern/Content/StarterContent/Architecture/Wall_400x400.uasset"
[2017.08.21-19.35.19:118][  0]LogPackFactory: Copied "../../../Samples/StarterContent/Content/StarterContent/Architecture/Wall_500x500.uasset" to "../../../../../../UE/Concern/Content/StarterContent/Architecture/Wall_500x500.uasset"
[2017.08.21-19.35.19:121][  0]LogPackFactory: Copied "../../../Samples/StarterContent/Content/StarterContent/Architecture/Wall_Door_400x300.uasset" to "../../../../../../UE/Concern/Content/StarterContent/Architecture/Wall_Door_400x300.uasset"
[2017.08.21-19.35.19:124][  0]LogPackFactory: Copied "../../../Samples/StarterContent/Content/StarterContent/Architecture/Wall_Door_400x400.uasset" to "../../../../../../UE/Concern/Content/StarterContent/Architecture/Wall_Door_400x400.uasset"
[2017.08.21-19.35.19:127][  0]LogPackFactory: Copied "../../../Samples/StarterContent/Content/StarterContent/Architecture/Wall_Window_400x300.uasset" to "../../../../../../UE/Concern/Content/StarterContent/Architecture/Wall_Window_400x300.uasset"
[2017.08.21-19.35.19:131][  0]LogPackFactory: Copied "../../../Samples/StarterContent/Content/StarterContent/Architecture/Wall_Window_400x400.uasset" to "../../../../../../UE/Concern/Content/StarterContent/Architecture/Wall_Window_400x400.uasset"
[2017.08.21-19.35.19:134][  0]LogPackFactory: Copied "../../../Samples/StarterContent/Content/StarterContent/Audio/Collapse01.uasset" to "../../../../../../UE/Concern/Content/StarterContent/Audio/Collapse01.uasset"
[2017.08.21-19.35.19:137][  0]LogPackFactory: Copied "../../../Samples/StarterContent/Content/StarterContent/Audio/Collapse02.uasset" to "../../../../../../UE/Concern/Content/StarterContent/Audio/Collapse02.uasset"
[2017.08.21-19.35.19:139][  0]LogPackFactory: Copied "../../../Samples/StarterContent/Content/StarterContent/Audio/Collapse_Cue.uasset" to "../../../../../../UE/Concern/Content/StarterContent/Audio/Collapse_Cue.uasset"
[2017.08.21-19.35.19:142][  0]LogPackFactory: Copied "../../../Samples/StarterContent/Content/StarterContent/Audio/Explosion01.uasset" to "../../../../../../UE/Concern/Content/StarterContent/Audio/Explosion01.uasset"
[2017.08.21-19.35.19:145][  0]LogPackFactory: Copied "../../../Samples/StarterContent/Content/StarterContent/Audio/Explosion02.uasset" to "../../../../../../UE/Concern/Content/StarterContent/Audio/Explosion02.uasset"
[2017.08.21-19.35.19:148][  0]LogPackFactory: Copied "../../../Samples/StarterContent/Content/StarterContent/Audio/Explosion_Cue.uasset" to "../../../../../../UE/Concern/Content/StarterContent/Audio/Explosion_Cue.uasset"
[2017.08.21-19.35.19:150][  0]LogPackFactory: Copied "../../../Samples/StarterContent/Content/StarterContent/Audio/Fire01.uasset" to "../../../../../../UE/Concern/Content/StarterContent/Audio/Fire01.uasset"
[2017.08.21-19.35.19:153][  0]LogPackFactory: Copied "../../../Samples/StarterContent/Content/StarterContent/Audio/Fire01_Cue.uasset" to "../../../../../../UE/Concern/Content/StarterContent/Audio/Fire01_Cue.uasset"
[2017.08.21-19.35.19:157][  0]LogPackFactory: Copied "../../../Samples/StarterContent/Content/StarterContent/Audio/Fire_Sparks01.uasset" to "../../../../../../UE/Concern/Content/StarterContent/Audio/Fire_Sparks01.uasset"
[2017.08.21-19.35.19:160][  0]LogPackFactory: Copied "../../../Samples/StarterContent/Content/StarterContent/Audio/Fire_Sparks01_Cue.uasset" to "../../../../../../UE/Concern/Content/StarterContent/Audio/Fire_Sparks01_Cue.uasset"
[2017.08.21-19.35.19:163][  0]LogPackFactory: Copied "../../../Samples/StarterContent/Content/StarterContent/Audio/Light01.uasset" to "../../../../../../UE/Concern/Content/StarterContent/Audio/Light01.uasset"
[2017.08.21-19.35.19:165][  0]LogPackFactory: Copied "../../../Samples/StarterContent/Content/StarterContent/Audio/Light01_Cue.uasset" to "../../../../../../UE/Concern/Content/StarterContent/Audio/Light01_Cue.uasset"
[2017.08.21-19.35.19:169][  0]LogPackFactory: Copied "../../../Samples/StarterContent/Content/StarterContent/Audio/Light02.uasset" to "../../../../../../UE/Concern/Content/StarterContent/Audio/Light02.uasset"
[2017.08.21-19.35.19:172][  0]LogPackFactory: Copied "../../../Samples/StarterContent/Content/StarterContent/Audio/Light02_Cue.uasset" to "../../../../../../UE/Concern/Content/StarterContent/Audio/Light02_Cue.uasset"
[2017.08.21-19.35.19:176][  0]LogPackFactory: Copied "../../../Samples/StarterContent/Content/StarterContent/Audio/Smoke01.uasset" to "../../../../../../UE/Concern/Content/StarterContent/Audio/Smoke01.uasset"
[2017.08.21-19.35.19:179][  0]LogPackFactory: Copied "../../../Samples/StarterContent/Content/StarterContent/Audio/Smoke01_Cue.uasset" to "../../../../../../UE/Concern/Content/StarterContent/Audio/Smoke01_Cue.uasset"
[2017.08.21-19.35.19:181][  0]LogPackFactory: Copied "../../../Samples/StarterContent/Content/StarterContent/Audio/Starter_Background_Cue.uasset" to "../../../../../../UE/Concern/Content/StarterContent/Audio/Starter_Background_Cue.uasset"
[2017.08.21-19.35.19:185][  0]LogPackFactory: Copied "../../../Samples/StarterContent/Content/StarterContent/Audio/Starter_Birds01.uasset" to "../../../../../../UE/Concern/Content/StarterContent/Audio/Starter_Birds01.uasset"
[2017.08.21-19.35.19:192][  0]LogPackFactory: Copied "../../../Samples/StarterContent/Content/StarterContent/Audio/Starter_Music01.uasset" to "../../../../../../UE/Concern/Content/StarterContent/Audio/Starter_Music01.uasset"
[2017.08.21-19.35.19:195][  0]LogPackFactory: Copied "../../../Samples/StarterContent/Content/StarterContent/Audio/Starter_Music_Cue.uasset" to "../../../../../../UE/Concern/Content/StarterContent/Audio/Starter_Music_Cue.uasset"
[2017.08.21-19.35.19:199][  0]LogPackFactory: Copied "../../../Samples/StarterContent/Content/StarterContent/Audio/Starter_Wind05.uasset" to "../../../../../../UE/Concern/Content/StarterContent/Audio/Starter_Wind05.uasset"
[2017.08.21-19.35.19:203][  0]LogPackFactory: Copied "../../../Samples/StarterContent/Content/StarterContent/Audio/Starter_Wind06.uasset" to "../../../../../../UE/Concern/Content/StarterContent/Audio/Starter_Wind06.uasset"
[2017.08.21-19.35.19:206][  0]LogPackFactory: Copied "../../../Samples/StarterContent/Content/StarterContent/Audio/Steam01.uasset" to "../../../../../../UE/Concern/Content/StarterContent/Audio/Steam01.uasset"
[2017.08.21-19.35.19:210][  0]LogPackFactory: Copied "../../../Samples/StarterContent/Content/StarterContent/Audio/Steam01_Cue.uasset" to "../../../../../../UE/Concern/Content/StarterContent/Audio/Steam01_Cue.uasset"
[2017.08.21-19.35.19:213][  0]LogPackFactory: Copied "../../../Samples/StarterContent/Content/StarterContent/Blueprints/Blueprint_CeilingLight.uasset" to "../../../../../../UE/Concern/Content/StarterContent/Blueprints/Blueprint_CeilingLight.uasset"
[2017.08.21-19.35.19:216][  0]LogPackFactory: Copied "../../../Samples/StarterContent/Content/StarterContent/Blueprints/Blueprint_Effect_Explosion.uasset" to "../../../../../../UE/Concern/Content/StarterContent/Blueprints/Blueprint_Effect_Explosion.uasset"
[2017.08.21-19.35.19:219][  0]LogPackFactory: Copied "../../../Samples/StarterContent/Content/StarterContent/Blueprints/Blueprint_Effect_Fire.uasset" to "../../../../../../UE/Concern/Content/StarterContent/Blueprints/Blueprint_Effect_Fire.uasset"
[2017.08.21-19.35.19:222][  0]LogPackFactory: Copied "../../../Samples/StarterContent/Content/StarterContent/Blueprints/Blueprint_Effect_Smoke.uasset" to "../../../../../../UE/Concern/Content/StarterContent/Blueprints/Blueprint_Effect_Smoke.uasset"
[2017.08.21-19.35.19:226][  0]LogPackFactory: Copied "../../../Samples/StarterContent/Content/StarterContent/Blueprints/Blueprint_Effect_Sparks.uasset" to "../../../../../../UE/Concern/Content/StarterContent/Blueprints/Blueprint_Effect_Sparks.uasset"
[2017.08.21-19.35.19:229][  0]LogPackFactory: Copied "../../../Samples/StarterContent/Content/StarterContent/Blueprints/Blueprint_Effect_Steam.uasset" to "../../../../../../UE/Concern/Content/StarterContent/Blueprints/Blueprint_Effect_Steam.uasset"
[2017.08.21-19.35.19:233][  0]LogPackFactory: Copied "../../../Samples/StarterContent/Content/StarterContent/Blueprints/Blueprint_WallSconce.uasset" to "../../../../../../UE/Concern/Content/StarterContent/Blueprints/Blueprint_WallSconce.uasset"
[2017.08.21-19.35.19:236][  0]LogPackFactory: Copied "../../../Samples/StarterContent/Content/StarterContent/Blueprints/BP_LightStudio.uasset" to "../../../../../../UE/Concern/Content/StarterContent/Blueprints/BP_LightStudio.uasset"
[2017.08.21-19.35.19:239][  0]LogPackFactory: Copied "../../../Samples/StarterContent/Content/StarterContent/Blueprints/Assets/FogBrightnessLUT.uasset" to "../../../../../../UE/Concern/Content/StarterContent/Blueprints/Assets/FogBrightnessLUT.uasset"
[2017.08.21-19.35.19:242][  0]LogPackFactory: Copied "../../../Samples/StarterContent/Content/StarterContent/Blueprints/Assets/M_LightStage_Arrows.uasset" to "../../../../../../UE/Concern/Content/StarterContent/Blueprints/Assets/M_LightStage_Arrows.uasset"
[2017.08.21-19.35.19:245][  0]LogPackFactory: Copied "../../../Samples/StarterContent/Content/StarterContent/Blueprints/Assets/M_LightStage_Skybox_Black.uasset" to "../../../../../../UE/Concern/Content/StarterContent/Blueprints/Assets/M_LightStage_Skybox_Black.uasset"
[2017.08.21-19.35.19:248][  0]LogPackFactory: Copied "../../../Samples/StarterContent/Content/StarterContent/Blueprints/Assets/M_LightStage_Skybox_HDRI.uasset" to "../../../../../../UE/Concern/Content/StarterContent/Blueprints/Assets/M_LightStage_Skybox_HDRI.uasset"
[2017.08.21-19.35.19:251][  0]LogPackFactory: Copied "../../../Samples/StarterContent/Content/StarterContent/Blueprints/Assets/M_LightStage_Skybox_Master.uasset" to "../../../../../../UE/Concern/Content/StarterContent/Blueprints/Assets/M_LightStage_Skybox_Master.uasset"
[2017.08.21-19.35.19:254][  0]LogPackFactory: Copied "../../../Samples/StarterContent/Content/StarterContent/Blueprints/Assets/Skybox.uasset" to "../../../../../../UE/Concern/Content/StarterContent/Blueprints/Assets/Skybox.uasset"
[2017.08.21-19.35.19:258][  0]LogPackFactory: Copied "../../../Samples/StarterContent/Content/StarterContent/Blueprints/Assets/SM_Arrows.uasset" to "../../../../../../UE/Concern/Content/StarterContent/Blueprints/Assets/SM_Arrows.uasset"
[2017.08.21-19.35.19:261][  0]LogPackFactory: Copied "../../../Samples/StarterContent/Content/StarterContent/Blueprints/Assets/SunlightColorLUT.uasset" to "../../../../../../UE/Concern/Content/StarterContent/Blueprints/Assets/SunlightColorLUT.uasset"
[2017.08.21-19.35.19:303][  0]LogPackFactory: Copied "../../../Samples/StarterContent/Content/StarterContent/HDRI/HDRI_Epic_Courtyard_Daylight.uasset" to "../../../../../../UE/Concern/Content/StarterContent/HDRI/HDRI_Epic_Courtyard_Daylight.uasset"
[2017.08.21-19.35.19:307][  0]LogPackFactory: Copied "../../../Samples/StarterContent/Content/StarterContent/Maps/Advanced_Lighting.umap" to "../../../../../../UE/Concern/Content/StarterContent/Maps/Advanced_Lighting.umap"
[2017.08.21-19.35.19:310][  0]LogPackFactory: Copied "../../../Samples/StarterContent/Content/StarterContent/Maps/Advanced_Lighting_BuiltData.uasset" to "../../../../../../UE/Concern/Content/StarterContent/Maps/Advanced_Lighting_BuiltData.uasset"
[2017.08.21-19.35.19:313][  0]LogPackFactory: Copied "../../../Samples/StarterContent/Content/StarterContent/Maps/Minimal_Default.umap" to "../../../../../../UE/Concern/Content/StarterContent/Maps/Minimal_Default.umap"
[2017.08.21-19.35.19:316][  0]LogPackFactory: Copied "../../../Samples/StarterContent/Content/StarterContent/Maps/Minimal_Default_BuiltData.uasset" to "../../../../../../UE/Concern/Content/StarterContent/Maps/Minimal_Default_BuiltData.uasset"
[2017.08.21-19.35.19:321][  0]LogPackFactory: Copied "../../../Samples/StarterContent/Content/StarterContent/Maps/StarterMap.umap" to "../../../../../../UE/Concern/Content/StarterContent/Maps/StarterMap.umap"
[2017.08.21-19.35.19:330][  0]LogPackFactory: Copied "../../../Samples/StarterContent/Content/StarterContent/Maps/StarterMap_BuiltData.uasset" to "../../../../../../UE/Concern/Content/StarterContent/Maps/StarterMap_BuiltData.uasset"
[2017.08.21-19.35.19:333][  0]LogPackFactory: Copied "../../../Samples/StarterContent/Content/StarterContent/Materials/M_AssetPlatform.uasset" to "../../../../../../UE/Concern/Content/StarterContent/Materials/M_AssetPlatform.uasset"
[2017.08.21-19.35.19:336][  0]LogPackFactory: Copied "../../../Samples/StarterContent/Content/StarterContent/Materials/M_Basic_Floor.uasset" to "../../../../../../UE/Concern/Content/StarterContent/Materials/M_Basic_Floor.uasset"
[2017.08.21-19.35.19:339][  0]LogPackFactory: Copied "../../../Samples/StarterContent/Content/StarterContent/Materials/M_Basic_Wall.uasset" to "../../../../../../UE/Concern/Content/StarterContent/Materials/M_Basic_Wall.uasset"
[2017.08.21-19.35.19:342][  0]LogPackFactory: Copied "../../../Samples/StarterContent/Content/StarterContent/Materials/M_Brick_Clay_Beveled.uasset" to "../../../../../../UE/Concern/Content/StarterContent/Materials/M_Brick_Clay_Beveled.uasset"
[2017.08.21-19.35.19:345][  0]LogPackFactory: Copied "../../../Samples/StarterContent/Content/StarterContent/Materials/M_Brick_Clay_New.uasset" to "../../../../../../UE/Concern/Content/StarterContent/Materials/M_Brick_Clay_New.uasset"
[2017.08.21-19.35.19:347][  0]LogPackFactory: Copied "../../../Samples/StarterContent/Content/StarterContent/Materials/M_Brick_Clay_Old.uasset" to "../../../../../../UE/Concern/Content/StarterContent/Materials/M_Brick_Clay_Old.uasset"
[2017.08.21-19.35.19:350][  0]LogPackFactory: Copied "../../../Samples/StarterContent/Content/StarterContent/Materials/M_Brick_Cut_Stone.uasset" to "../../../../../../UE/Concern/Content/StarterContent/Materials/M_Brick_Cut_Stone.uasset"
[2017.08.21-19.35.19:353][  0]LogPackFactory: Copied "../../../Samples/StarterContent/Content/StarterContent/Materials/M_Brick_Hewn_Stone.uasset" to "../../../../../../UE/Concern/Content/StarterContent/Materials/M_Brick_Hewn_Stone.uasset"
[2017.08.21-19.35.19:356][  0]LogPackFactory: Copied "../../../Samples/StarterContent/Content/StarterContent/Materials/M_Ceramic_Tile_Checker.uasset" to "../../../../../../UE/Concern/Content/StarterContent/Materials/M_Ceramic_Tile_Checker.uasset"
[2017.08.21-19.35.19:359][  0]LogPackFactory: Copied "../../../Samples/StarterContent/Content/StarterContent/Materials/M_CobbleStone_Pebble.uasset" to "../../../../../../UE/Concern/Content/StarterContent/Materials/M_CobbleStone_Pebble.uasset"
[2017.08.21-19.35.19:363][  0]LogPackFactory: Copied "../../../Samples/StarterContent/Content/StarterContent/Materials/M_CobbleStone_Rough.uasset" to "../../../../../../UE/Concern/Content/StarterContent/Materials/M_CobbleStone_Rough.uasset"
[2017.08.21-19.35.19:366][  0]LogPackFactory: Copied "../../../Samples/StarterContent/Content/StarterContent/Materials/M_CobbleStone_Smooth.uasset" to "../../../../../../UE/Concern/Content/StarterContent/Materials/M_CobbleStone_Smooth.uasset"
[2017.08.21-19.35.19:369][  0]LogPackFactory: Copied "../../../Samples/StarterContent/Content/StarterContent/Materials/M_ColorGrid_LowSpec.uasset" to "../../../../../../UE/Concern/Content/StarterContent/Materials/M_ColorGrid_LowSpec.uasset"
[2017.08.21-19.35.19:372][  0]LogPackFactory: Copied "../../../Samples/StarterContent/Content/StarterContent/Materials/M_Concrete_Grime.uasset" to "../../../../../../UE/Concern/Content/StarterContent/Materials/M_Concrete_Grime.uasset"
[2017.08.21-19.35.19:376][  0]LogPackFactory: Copied "../../../Samples/StarterContent/Content/StarterContent/Materials/M_Concrete_Panels.uasset" to "../../../../../../UE/Concern/Content/StarterContent/Materials/M_Concrete_Panels.uasset"
[2017.08.21-19.35.19:379][  0]LogPackFactory: Copied "../../../Samples/StarterContent/Content/StarterContent/Materials/M_Concrete_Poured.uasset" to "../../../../../../UE/Concern/Content/StarterContent/Materials/M_Concrete_Poured.uasset"
[2017.08.21-19.35.19:382][  0]LogPackFactory: Copied "../../../Samples/StarterContent/Content/StarterContent/Materials/M_Concrete_Tiles.uasset" to "../../../../../../UE/Concern/Content/StarterContent/Materials/M_Concrete_Tiles.uasset"
[2017.08.21-19.35.19:385][  0]LogPackFactory: Copied "../../../Samples/StarterContent/Content/StarterContent/Materials/M_Glass.uasset" to "../../../../../../UE/Concern/Content/StarterContent/Materials/M_Glass.uasset"
[2017.08.21-19.35.19:388][  0]LogPackFactory: Copied "../../../Samples/StarterContent/Content/StarterContent/Materials/M_Ground_Grass.uasset" to "../../../../../../UE/Concern/Content/StarterContent/Materials/M_Ground_Grass.uasset"
[2017.08.21-19.35.19:392][  0]LogPackFactory: Copied "../../../Samples/StarterContent/Content/StarterContent/Materials/M_Ground_Gravel.uasset" to "../../../../../../UE/Concern/Content/StarterContent/Materials/M_Ground_Gravel.uasset"
[2017.08.21-19.35.19:395][  0]LogPackFactory: Copied "../../../Samples/StarterContent/Content/StarterContent/Materials/M_Ground_Moss.uasset" to "../../../../../../UE/Concern/Content/StarterContent/Materials/M_Ground_Moss.uasset"
[2017.08.21-19.35.19:398][  0]LogPackFactory: Copied "../../../Samples/StarterContent/Content/StarterContent/Materials/M_Metal_Brushed_Nickel.uasset" to "../../../../../../UE/Concern/Content/StarterContent/Materials/M_Metal_Brushed_Nickel.uasset"
[2017.08.21-19.35.19:400][  0]LogPackFactory: Copied "../../../Samples/StarterContent/Content/StarterContent/Materials/M_Metal_Burnished_Steel.uasset" to "../../../../../../UE/Concern/Content/StarterContent/Materials/M_Metal_Burnished_Steel.uasset"
[2017.08.21-19.35.19:403][  0]LogPackFactory: Copied "../../../Samples/StarterContent/Content/StarterContent/Materials/M_Metal_Chrome.uasset" to "../../../../../../UE/Concern/Content/StarterContent/Materials/M_Metal_Chrome.uasset"
[2017.08.21-19.35.19:407][  0]LogPackFactory: Copied "../../../Samples/StarterContent/Content/StarterContent/Materials/M_Metal_Copper.uasset" to "../../../../../../UE/Concern/Content/StarterContent/Materials/M_Metal_Copper.uasset"
[2017.08.21-19.35.19:410][  0]LogPackFactory: Copied "../../../Samples/StarterContent/Content/StarterContent/Materials/M_Metal_Gold.uasset" to "../../../../../../UE/Concern/Content/StarterContent/Materials/M_Metal_Gold.uasset"
[2017.08.21-19.35.19:413][  0]LogPackFactory: Copied "../../../Samples/StarterContent/Content/StarterContent/Materials/M_Metal_Rust.uasset" to "../../../../../../UE/Concern/Content/StarterContent/Materials/M_Metal_Rust.uasset"
[2017.08.21-19.35.19:416][  0]LogPackFactory: Copied "../../../Samples/StarterContent/Content/StarterContent/Materials/M_Metal_Steel.uasset" to "../../../../../../UE/Concern/Content/StarterContent/Materials/M_Metal_Steel.uasset"
[2017.08.21-19.35.19:418][  0]LogPackFactory: Copied "../../../Samples/StarterContent/Content/StarterContent/Materials/M_Rock_Basalt.uasset" to "../../../../../../UE/Concern/Content/StarterContent/Materials/M_Rock_Basalt.uasset"
[2017.08.21-19.35.19:421][  0]LogPackFactory: Copied "../../../Samples/StarterContent/Content/StarterContent/Materials/M_Rock_Marble_Polished.uasset" to "../../../../../../UE/Concern/Content/StarterContent/Materials/M_Rock_Marble_Polished.uasset"
[2017.08.21-19.35.19:425][  0]LogPackFactory: Copied "../../../Samples/StarterContent/Content/StarterContent/Materials/M_Rock_Sandstone.uasset" to "../../../../../../UE/Concern/Content/StarterContent/Materials/M_Rock_Sandstone.uasset"
[2017.08.21-19.35.19:428][  0]LogPackFactory: Copied "../../../Samples/StarterContent/Content/StarterContent/Materials/M_Rock_Slate.uasset" to "../../../../../../UE/Concern/Content/StarterContent/Materials/M_Rock_Slate.uasset"
[2017.08.21-19.35.19:431][  0]LogPackFactory: Copied "../../../Samples/StarterContent/Content/StarterContent/Materials/M_Tech_Checker_Dot.uasset" to "../../../../../../UE/Concern/Content/StarterContent/Materials/M_Tech_Checker_Dot.uasset"
[2017.08.21-19.35.19:434][  0]LogPackFactory: Copied "../../../Samples/StarterContent/Content/StarterContent/Materials/M_Tech_Hex_Tile.uasset" to "../../../../../../UE/Concern/Content/StarterContent/Materials/M_Tech_Hex_Tile.uasset"
[2017.08.21-19.35.19:437][  0]LogPackFactory: Copied "../../../Samples/StarterContent/Content/StarterContent/Materials/M_Tech_Hex_Tile_Pulse.uasset" to "../../../../../../UE/Concern/Content/StarterContent/Materials/M_Tech_Hex_Tile_Pulse.uasset"
[2017.08.21-19.35.19:440][  0]LogPackFactory: Copied "../../../Samples/StarterContent/Content/StarterContent/Materials/M_Tech_Panel.uasset" to "../../../../../../UE/Concern/Content/StarterContent/Materials/M_Tech_Panel.uasset"
[2017.08.21-19.35.19:443][  0]LogPackFactory: Copied "../../../Samples/StarterContent/Content/StarterContent/Materials/M_Water_Lake.uasset" to "../../../../../../UE/Concern/Content/StarterContent/Materials/M_Water_Lake.uasset"
[2017.08.21-19.35.19:446][  0]LogPackFactory: Copied "../../../Samples/StarterContent/Content/StarterContent/Materials/M_Water_Ocean.uasset" to "../../../../../../UE/Concern/Content/StarterContent/Materials/M_Water_Ocean.uasset"
[2017.08.21-19.35.19:449][  0]LogPackFactory: Copied "../../../Samples/StarterContent/Content/StarterContent/Materials/M_Wood_Floor_Walnut_Polished.uasset" to "../../../../../../UE/Concern/Content/StarterContent/Materials/M_Wood_Floor_Walnut_Polished.uasset"
[2017.08.21-19.35.19:452][  0]LogPackFactory: Copied "../../../Samples/StarterContent/Content/StarterContent/Materials/M_Wood_Floor_Walnut_Worn.uasset" to "../../../../../../UE/Concern/Content/StarterContent/Materials/M_Wood_Floor_Walnut_Worn.uasset"
[2017.08.21-19.35.19:454][  0]LogPackFactory: Copied "../../../Samples/StarterContent/Content/StarterContent/Materials/M_Wood_Oak.uasset" to "../../../../../../UE/Concern/Content/StarterContent/Materials/M_Wood_Oak.uasset"
[2017.08.21-19.35.19:457][  0]LogPackFactory: Copied "../../../Samples/StarterContent/Content/StarterContent/Materials/M_Wood_Pine.uasset" to "../../../../../../UE/Concern/Content/StarterContent/Materials/M_Wood_Pine.uasset"
[2017.08.21-19.35.19:461][  0]LogPackFactory: Copied "../../../Samples/StarterContent/Content/StarterContent/Materials/M_Wood_Walnut.uasset" to "../../../../../../UE/Concern/Content/StarterContent/Materials/M_Wood_Walnut.uasset"
[2017.08.21-19.35.19:464][  0]LogPackFactory: Copied "../../../Samples/StarterContent/Content/StarterContent/Particles/P_Ambient_Dust.uasset" to "../../../../../../UE/Concern/Content/StarterContent/Particles/P_Ambient_Dust.uasset"
[2017.08.21-19.35.19:467][  0]LogPackFactory: Copied "../../../Samples/StarterContent/Content/StarterContent/Particles/P_Explosion.uasset" to "../../../../../../UE/Concern/Content/StarterContent/Particles/P_Explosion.uasset"
[2017.08.21-19.35.19:470][  0]LogPackFactory: Copied "../../../Samples/StarterContent/Content/StarterContent/Particles/P_Fire.uasset" to "../../../../../../UE/Concern/Content/StarterContent/Particles/P_Fire.uasset"
[2017.08.21-19.35.19:473][  0]LogPackFactory: Copied "../../../Samples/StarterContent/Content/StarterContent/Particles/P_Smoke.uasset" to "../../../../../../UE/Concern/Content/StarterContent/Particles/P_Smoke.uasset"
[2017.08.21-19.35.19:477][  0]LogPackFactory: Copied "../../../Samples/StarterContent/Content/StarterContent/Particles/P_Sparks.uasset" to "../../../../../../UE/Concern/Content/StarterContent/Particles/P_Sparks.uasset"
[2017.08.21-19.35.19:480][  0]LogPackFactory: Copied "../../../Samples/StarterContent/Content/StarterContent/Particles/P_Steam_Lit.uasset" to "../../../../../../UE/Concern/Content/StarterContent/Particles/P_Steam_Lit.uasset"
[2017.08.21-19.35.19:483][  0]LogPackFactory: Copied "../../../Samples/StarterContent/Content/StarterContent/Particles/Materials/M_Burst.uasset" to "../../../../../../UE/Concern/Content/StarterContent/Particles/Materials/M_Burst.uasset"
[2017.08.21-19.35.19:486][  0]LogPackFactory: Copied "../../../Samples/StarterContent/Content/StarterContent/Particles/Materials/M_Dust_Particle.uasset" to "../../../../../../UE/Concern/Content/StarterContent/Particles/Materials/M_Dust_Particle.uasset"
[2017.08.21-19.35.19:489][  0]LogPackFactory: Copied "../../../Samples/StarterContent/Content/StarterContent/Particles/Materials/M_explosion_subUV.uasset" to "../../../../../../UE/Concern/Content/StarterContent/Particles/Materials/M_explosion_subUV.uasset"
[2017.08.21-19.35.19:493][  0]LogPackFactory: Copied "../../../Samples/StarterContent/Content/StarterContent/Particles/Materials/M_Fire_SubUV.uasset" to "../../../../../../UE/Concern/Content/StarterContent/Particles/Materials/M_Fire_SubUV.uasset"
[2017.08.21-19.35.19:495][  0]LogPackFactory: Copied "../../../Samples/StarterContent/Content/StarterContent/Particles/Materials/m_flare_01.uasset" to "../../../../../../UE/Concern/Content/StarterContent/Particles/Materials/m_flare_01.uasset"
[2017.08.21-19.35.19:498][  0]LogPackFactory: Copied "../../../Samples/StarterContent/Content/StarterContent/Particles/Materials/M_Heat_Distortion.uasset" to "../../../../../../UE/Concern/Content/StarterContent/Particles/Materials/M_Heat_Distortion.uasset"
[2017.08.21-19.35.19:501][  0]LogPackFactory: Copied "../../../Samples/StarterContent/Content/StarterContent/Particles/Materials/M_Radial_Gradient.uasset" to "../../../../../../UE/Concern/Content/StarterContent/Particles/Materials/M_Radial_Gradient.uasset"
[2017.08.21-19.35.19:505][  0]LogPackFactory: Copied "../../../Samples/StarterContent/Content/StarterContent/Particles/Materials/M_radial_ramp.uasset" to "../../../../../../UE/Concern/Content/StarterContent/Particles/Materials/M_radial_ramp.uasset"
[2017.08.21-19.35.19:509][  0]LogPackFactory: Copied "../../../Samples/StarterContent/Content/StarterContent/Particles/Materials/M_smoke_subUV.uasset" to "../../../../../../UE/Concern/Content/StarterContent/Particles/Materials/M_smoke_subUV.uasset"
[2017.08.21-19.35.19:512][  0]LogPackFactory: Copied "../../../Samples/StarterContent/Content/StarterContent/Particles/Materials/M_Spark.uasset" to "../../../../../../UE/Concern/Content/StarterContent/Particles/Materials/M_Spark.uasset"
[2017.08.21-19.35.19:515][  0]LogPackFactory: Copied "../../../Samples/StarterContent/Content/StarterContent/Props/MaterialSphere.uasset" to "../../../../../../UE/Concern/Content/StarterContent/Props/MaterialSphere.uasset"
[2017.08.21-19.35.19:518][  0]LogPackFactory: Copied "../../../Samples/StarterContent/Content/StarterContent/Props/SM_Bush.uasset" to "../../../../../../UE/Concern/Content/StarterContent/Props/SM_Bush.uasset"
[2017.08.21-19.35.19:521][  0]LogPackFactory: Copied "../../../Samples/StarterContent/Content/StarterContent/Props/SM_Chair.uasset" to "../../../../../../UE/Concern/Content/StarterContent/Props/SM_Chair.uasset"
[2017.08.21-19.35.19:524][  0]LogPackFactory: Copied "../../../Samples/StarterContent/Content/StarterContent/Props/SM_CornerFrame.uasset" to "../../../../../../UE/Concern/Content/StarterContent/Props/SM_CornerFrame.uasset"
[2017.08.21-19.35.19:528][  0]LogPackFactory: Copied "../../../Samples/StarterContent/Content/StarterContent/Props/SM_Couch.uasset" to "../../../../../../UE/Concern/Content/StarterContent/Props/SM_Couch.uasset"
[2017.08.21-19.35.19:532][  0]LogPackFactory: Copied "../../../Samples/StarterContent/Content/StarterContent/Props/SM_Door.uasset" to "../../../../../../UE/Concern/Content/StarterContent/Props/SM_Door.uasset"
[2017.08.21-19.35.19:535][  0]LogPackFactory: Copied "../../../Samples/StarterContent/Content/StarterContent/Props/SM_DoorFrame.uasset" to "../../../../../../UE/Concern/Content/StarterContent/Props/SM_DoorFrame.uasset"
[2017.08.21-19.35.19:538][  0]LogPackFactory: Copied "../../../Samples/StarterContent/Content/StarterContent/Props/SM_GlassWindow.uasset" to "../../../../../../UE/Concern/Content/StarterContent/Props/SM_GlassWindow.uasset"
[2017.08.21-19.35.19:542][  0]LogPackFactory: Copied "../../../Samples/StarterContent/Content/StarterContent/Props/SM_Lamp_Ceiling.uasset" to "../../../../../../UE/Concern/Content/StarterContent/Props/SM_Lamp_Ceiling.uasset"
[2017.08.21-19.35.19:545][  0]LogPackFactory: Copied "../../../Samples/StarterContent/Content/StarterContent/Props/SM_Lamp_Wall.uasset" to "../../../../../../UE/Concern/Content/StarterContent/Props/SM_Lamp_Wall.uasset"
[2017.08.21-19.35.19:548][  0]LogPackFactory: Copied "../../../Samples/StarterContent/Content/StarterContent/Props/SM_MatPreviewMesh_02.uasset" to "../../../../../../UE/Concern/Content/StarterContent/Props/SM_MatPreviewMesh_02.uasset"
[2017.08.21-19.35.19:551][  0]LogPackFactory: Copied "../../../Samples/StarterContent/Content/StarterContent/Props/SM_PillarFrame.uasset" to "../../../../../../UE/Concern/Content/StarterContent/Props/SM_PillarFrame.uasset"
[2017.08.21-19.35.19:554][  0]LogPackFactory: Copied "../../../Samples/StarterContent/Content/StarterContent/Props/SM_PillarFrame300.uasset" to "../../../../../../UE/Concern/Content/StarterContent/Props/SM_PillarFrame300.uasset"
[2017.08.21-19.35.19:557][  0]LogPackFactory: Copied "../../../Samples/StarterContent/Content/StarterContent/Props/SM_Rock.uasset" to "../../../../../../UE/Concern/Content/StarterContent/Props/SM_Rock.uasset"
[2017.08.21-19.35.19:560][  0]LogPackFactory: Copied "../../../Samples/StarterContent/Content/StarterContent/Props/SM_Shelf.uasset" to "../../../../../../UE/Concern/Content/StarterContent/Props/SM_Shelf.uasset"
[2017.08.21-19.35.19:564][  0]LogPackFactory: Copied "../../../Samples/StarterContent/Content/StarterContent/Props/SM_Stairs.uasset" to "../../../../../../UE/Concern/Content/StarterContent/Props/SM_Stairs.uasset"
[2017.08.21-19.35.19:566][  0]LogPackFactory: Copied "../../../Samples/StarterContent/Content/StarterContent/Props/SM_Statue.uasset" to "../../../../../../UE/Concern/Content/StarterContent/Props/SM_Statue.uasset"
[2017.08.21-19.35.19:569][  0]LogPackFactory: Copied "../../../Samples/StarterContent/Content/StarterContent/Props/SM_TableRound.uasset" to "../../../../../../UE/Concern/Content/StarterContent/Props/SM_TableRound.uasset"
[2017.08.21-19.35.19:573][  0]LogPackFactory: Copied "../../../Samples/StarterContent/Content/StarterContent/Props/SM_WindowFrame.uasset" to "../../../../../../UE/Concern/Content/StarterContent/Props/SM_WindowFrame.uasset"
[2017.08.21-19.35.19:576][  0]LogPackFactory: Copied "../../../Samples/StarterContent/Content/StarterContent/Props/Materials/M_Bush.uasset" to "../../../../../../UE/Concern/Content/StarterContent/Props/Materials/M_Bush.uasset"
[2017.08.21-19.35.19:579][  0]LogPackFactory: Copied "../../../Samples/StarterContent/Content/StarterContent/Props/Materials/M_Chair.uasset" to "../../../../../../UE/Concern/Content/StarterContent/Props/Materials/M_Chair.uasset"
[2017.08.21-19.35.19:581][  0]LogPackFactory: Copied "../../../Samples/StarterContent/Content/StarterContent/Props/Materials/M_Door.uasset" to "../../../../../../UE/Concern/Content/StarterContent/Props/Materials/M_Door.uasset"
[2017.08.21-19.35.19:584][  0]LogPackFactory: Copied "../../../Samples/StarterContent/Content/StarterContent/Props/Materials/M_Frame.uasset" to "../../../../../../UE/Concern/Content/StarterContent/Props/Materials/M_Frame.uasset"
[2017.08.21-19.35.19:587][  0]LogPackFactory: Copied "../../../Samples/StarterContent/Content/StarterContent/Props/Materials/M_Lamp.uasset" to "../../../../../../UE/Concern/Content/StarterContent/Props/Materials/M_Lamp.uasset"
[2017.08.21-19.35.19:590][  0]LogPackFactory: Copied "../../../Samples/StarterContent/Content/StarterContent/Props/Materials/M_MaterialSphere.uasset" to "../../../../../../UE/Concern/Content/StarterContent/Props/Materials/M_MaterialSphere.uasset"
[2017.08.21-19.35.19:594][  0]LogPackFactory: Copied "../../../Samples/StarterContent/Content/StarterContent/Props/Materials/M_MaterialSphere_Plain.uasset" to "../../../../../../UE/Concern/Content/StarterContent/Props/Materials/M_MaterialSphere_Plain.uasset"
[2017.08.21-19.35.19:597][  0]LogPackFactory: Copied "../../../Samples/StarterContent/Content/StarterContent/Props/Materials/M_Rock.uasset" to "../../../../../../UE/Concern/Content/StarterContent/Props/Materials/M_Rock.uasset"
[2017.08.21-19.35.19:599][  0]LogPackFactory: Copied "../../../Samples/StarterContent/Content/StarterContent/Props/Materials/M_Shelf.uasset" to "../../../../../../UE/Concern/Content/StarterContent/Props/Materials/M_Shelf.uasset"
[2017.08.21-19.35.19:602][  0]LogPackFactory: Copied "../../../Samples/StarterContent/Content/StarterContent/Props/Materials/M_Statue.uasset" to "../../../../../../UE/Concern/Content/StarterContent/Props/Materials/M_Statue.uasset"
[2017.08.21-19.35.19:605][  0]LogPackFactory: Copied "../../../Samples/StarterContent/Content/StarterContent/Props/Materials/M_StatueGlass.uasset" to "../../../../../../UE/Concern/Content/StarterContent/Props/Materials/M_StatueGlass.uasset"
[2017.08.21-19.35.19:608][  0]LogPackFactory: Copied "../../../Samples/StarterContent/Content/StarterContent/Props/Materials/M_TableRound.uasset" to "../../../../../../UE/Concern/Content/StarterContent/Props/Materials/M_TableRound.uasset"
[2017.08.21-19.35.19:611][  0]LogPackFactory: Copied "../../../Samples/StarterContent/Content/StarterContent/Shapes/Shape_Cone.uasset" to "../../../../../../UE/Concern/Content/StarterContent/Shapes/Shape_Cone.uasset"
[2017.08.21-19.35.19:615][  0]LogPackFactory: Copied "../../../Samples/StarterContent/Content/StarterContent/Shapes/Shape_Cube.uasset" to "../../../../../../UE/Concern/Content/StarterContent/Shapes/Shape_Cube.uasset"
[2017.08.21-19.35.19:617][  0]LogPackFactory: Copied "../../../Samples/StarterContent/Content/StarterContent/Shapes/Shape_Cylinder.uasset" to "../../../../../../UE/Concern/Content/StarterContent/Shapes/Shape_Cylinder.uasset"
[2017.08.21-19.35.19:620][  0]LogPackFactory: Copied "../../../Samples/StarterContent/Content/StarterContent/Shapes/Shape_NarrowCapsule.uasset" to "../../../../../../UE/Concern/Content/StarterContent/Shapes/Shape_NarrowCapsule.uasset"
[2017.08.21-19.35.19:623][  0]LogPackFactory: Copied "../../../Samples/StarterContent/Content/StarterContent/Shapes/Shape_Pipe.uasset" to "../../../../../../UE/Concern/Content/StarterContent/Shapes/Shape_Pipe.uasset"
[2017.08.21-19.35.19:627][  0]LogPackFactory: Copied "../../../Samples/StarterContent/Content/StarterContent/Shapes/Shape_Pipe_180.uasset" to "../../../../../../UE/Concern/Content/StarterContent/Shapes/Shape_Pipe_180.uasset"
[2017.08.21-19.35.19:630][  0]LogPackFactory: Copied "../../../Samples/StarterContent/Content/StarterContent/Shapes/Shape_Pipe_90.uasset" to "../../../../../../UE/Concern/Content/StarterContent/Shapes/Shape_Pipe_90.uasset"
[2017.08.21-19.35.19:633][  0]LogPackFactory: Copied "../../../Samples/StarterContent/Content/StarterContent/Shapes/Shape_Plane.uasset" to "../../../../../../UE/Concern/Content/StarterContent/Shapes/Shape_Plane.uasset"
[2017.08.21-19.35.19:636][  0]LogPackFactory: Copied "../../../Samples/StarterContent/Content/StarterContent/Shapes/Shape_QuadPyramid.uasset" to "../../../../../../UE/Concern/Content/StarterContent/Shapes/Shape_QuadPyramid.uasset"
[2017.08.21-19.35.19:639][  0]LogPackFactory: Copied "../../../Samples/StarterContent/Content/StarterContent/Shapes/Shape_Sphere.uasset" to "../../../../../../UE/Concern/Content/StarterContent/Shapes/Shape_Sphere.uasset"
[2017.08.21-19.35.19:642][  0]LogPackFactory: Copied "../../../Samples/StarterContent/Content/StarterContent/Shapes/Shape_Torus.uasset" to "../../../../../../UE/Concern/Content/StarterContent/Shapes/Shape_Torus.uasset"
[2017.08.21-19.35.19:645][  0]LogPackFactory: Copied "../../../Samples/StarterContent/Content/StarterContent/Shapes/Shape_Trim.uasset" to "../../../../../../UE/Concern/Content/StarterContent/Shapes/Shape_Trim.uasset"
[2017.08.21-19.35.19:648][  0]LogPackFactory: Copied "../../../Samples/StarterContent/Content/StarterContent/Shapes/Shape_Trim_90_In.uasset" to "../../../../../../UE/Concern/Content/StarterContent/Shapes/Shape_Trim_90_In.uasset"
[2017.08.21-19.35.19:651][  0]LogPackFactory: Copied "../../../Samples/StarterContent/Content/StarterContent/Shapes/Shape_Trim_90_Out.uasset" to "../../../../../../UE/Concern/Content/StarterContent/Shapes/Shape_Trim_90_Out.uasset"
[2017.08.21-19.35.19:654][  0]LogPackFactory: Copied "../../../Samples/StarterContent/Content/StarterContent/Shapes/Shape_TriPyramid.uasset" to "../../../../../../UE/Concern/Content/StarterContent/Shapes/Shape_TriPyramid.uasset"
[2017.08.21-19.35.19:657][  0]LogPackFactory: Copied "../../../Samples/StarterContent/Content/StarterContent/Shapes/Shape_Tube.uasset" to "../../../../../../UE/Concern/Content/StarterContent/Shapes/Shape_Tube.uasset"
[2017.08.21-19.35.19:661][  0]LogPackFactory: Copied "../../../Samples/StarterContent/Content/StarterContent/Shapes/Shape_Wedge_A.uasset" to "../../../../../../UE/Concern/Content/StarterContent/Shapes/Shape_Wedge_A.uasset"
[2017.08.21-19.35.19:664][  0]LogPackFactory: Copied "../../../Samples/StarterContent/Content/StarterContent/Shapes/Shape_Wedge_B.uasset" to "../../../../../../UE/Concern/Content/StarterContent/Shapes/Shape_Wedge_B.uasset"
[2017.08.21-19.35.19:667][  0]LogPackFactory: Copied "../../../Samples/StarterContent/Content/StarterContent/Shapes/Shape_WideCapsule.uasset" to "../../../../../../UE/Concern/Content/StarterContent/Shapes/Shape_WideCapsule.uasset"
[2017.08.21-19.35.19:674][  0]LogPackFactory: Copied "../../../Samples/StarterContent/Content/StarterContent/Textures/T_Brick_Clay_Beveled_D.uasset" to "../../../../../../UE/Concern/Content/StarterContent/Textures/T_Brick_Clay_Beveled_D.uasset"
[2017.08.21-19.35.19:680][  0]LogPackFactory: Copied "../../../Samples/StarterContent/Content/StarterContent/Textures/T_Brick_Clay_Beveled_M.uasset" to "../../../../../../UE/Concern/Content/StarterContent/Textures/T_Brick_Clay_Beveled_M.uasset"
[2017.08.21-19.35.19:687][  0]LogPackFactory: Copied "../../../Samples/StarterContent/Content/StarterContent/Textures/T_Brick_Clay_Beveled_N.uasset" to "../../../../../../UE/Concern/Content/StarterContent/Textures/T_Brick_Clay_Beveled_N.uasset"
[2017.08.21-19.35.19:693][  0]LogPackFactory: Copied "../../../Samples/StarterContent/Content/StarterContent/Textures/T_Brick_Clay_New_D.uasset" to "../../../../../../UE/Concern/Content/StarterContent/Textures/T_Brick_Clay_New_D.uasset"
[2017.08.21-19.35.19:700][  0]LogPackFactory: Copied "../../../Samples/StarterContent/Content/StarterContent/Textures/T_Brick_Clay_New_M.uasset" to "../../../../../../UE/Concern/Content/StarterContent/Textures/T_Brick_Clay_New_M.uasset"
[2017.08.21-19.35.19:707][  0]LogPackFactory: Copied "../../../Samples/StarterContent/Content/StarterContent/Textures/T_Brick_Clay_New_N.uasset" to "../../../../../../UE/Concern/Content/StarterContent/Textures/T_Brick_Clay_New_N.uasset"
[2017.08.21-19.35.19:715][  0]LogPackFactory: Copied "../../../Samples/StarterContent/Content/StarterContent/Textures/T_Brick_Clay_Old_D.uasset" to "../../../../../../UE/Concern/Content/StarterContent/Textures/T_Brick_Clay_Old_D.uasset"
[2017.08.21-19.35.19:722][  0]LogPackFactory: Copied "../../../Samples/StarterContent/Content/StarterContent/Textures/T_Brick_Clay_Old_N.uasset" to "../../../../../../UE/Concern/Content/StarterContent/Textures/T_Brick_Clay_Old_N.uasset"
[2017.08.21-19.35.19:730][  0]LogPackFactory: Copied "../../../Samples/StarterContent/Content/StarterContent/Textures/T_Brick_Cut_Stone_D.uasset" to "../../../../../../UE/Concern/Content/StarterContent/Textures/T_Brick_Cut_Stone_D.uasset"
[2017.08.21-19.35.19:736][  0]LogPackFactory: Copied "../../../Samples/StarterContent/Content/StarterContent/Textures/T_Brick_Cut_Stone_N.uasset" to "../../../../../../UE/Concern/Content/StarterContent/Textures/T_Brick_Cut_Stone_N.uasset"
[2017.08.21-19.35.19:742][  0]LogPackFactory: Copied "../../../Samples/StarterContent/Content/StarterContent/Textures/T_Brick_Hewn_Stone_D.uasset" to "../../../../../../UE/Concern/Content/StarterContent/Textures/T_Brick_Hewn_Stone_D.uasset"
[2017.08.21-19.35.19:747][  0]LogPackFactory: Copied "../../../Samples/StarterContent/Content/StarterContent/Textures/T_Brick_Hewn_Stone_M.uasset" to "../../../../../../UE/Concern/Content/StarterContent/Textures/T_Brick_Hewn_Stone_M.uasset"
[2017.08.21-19.35.19:754][  0]LogPackFactory: Copied "../../../Samples/StarterContent/Content/StarterContent/Textures/T_Brick_Hewn_Stone_N.uasset" to "../../../../../../UE/Concern/Content/StarterContent/Textures/T_Brick_Hewn_Stone_N.uasset"
[2017.08.21-19.35.19:757][  0]LogPackFactory: Copied "../../../Samples/StarterContent/Content/StarterContent/Textures/T_Burst_M.uasset" to "../../../../../../UE/Concern/Content/StarterContent/Textures/T_Burst_M.uasset"
[2017.08.21-19.35.19:760][  0]LogPackFactory: Copied "../../../Samples/StarterContent/Content/StarterContent/Textures/T_Bush_D.uasset" to "../../../../../../UE/Concern/Content/StarterContent/Textures/T_Bush_D.uasset"
[2017.08.21-19.35.19:764][  0]LogPackFactory: Copied "../../../Samples/StarterContent/Content/StarterContent/Textures/T_Bush_N.uasset" to "../../../../../../UE/Concern/Content/StarterContent/Textures/T_Bush_N.uasset"
[2017.08.21-19.35.19:767][  0]LogPackFactory: Copied "../../../Samples/StarterContent/Content/StarterContent/Textures/T_Ceramic_Tile_M.uasset" to "../../../../../../UE/Concern/Content/StarterContent/Textures/T_Ceramic_Tile_M.uasset"
[2017.08.21-19.35.19:770][  0]LogPackFactory: Copied "../../../Samples/StarterContent/Content/StarterContent/Textures/T_Ceramic_Tile_N.uasset" to "../../../../../../UE/Concern/Content/StarterContent/Textures/T_Ceramic_Tile_N.uasset"
[2017.08.21-19.35.19:774][  0]LogPackFactory: Copied "../../../Samples/StarterContent/Content/StarterContent/Textures/T_Chair_M.uasset" to "../../../../../../UE/Concern/Content/StarterContent/Textures/T_Chair_M.uasset"
[2017.08.21-19.35.19:777][  0]LogPackFactory: Copied "../../../Samples/StarterContent/Content/StarterContent/Textures/T_Chair_N.uasset" to "../../../../../../UE/Concern/Content/StarterContent/Textures/T_Chair_N.uasset"
[2017.08.21-19.35.19:780][  0]LogPackFactory: Copied "../../../Samples/StarterContent/Content/StarterContent/Textures/T_Checker_Noise_M.uasset" to "../../../../../../UE/Concern/Content/StarterContent/Textures/T_Checker_Noise_M.uasset"
[2017.08.21-19.35.19:788][  0]LogPackFactory: Copied "../../../Samples/StarterContent/Content/StarterContent/Textures/T_CobbleStone_Pebble_D.uasset" to "../../../../../../UE/Concern/Content/StarterContent/Textures/T_CobbleStone_Pebble_D.uasset"
[2017.08.21-19.35.19:792][  0]LogPackFactory: Copied "../../../Samples/StarterContent/Content/StarterContent/Textures/T_CobbleStone_Pebble_M.uasset" to "../../../../../../UE/Concern/Content/StarterContent/Textures/T_CobbleStone_Pebble_M.uasset"
[2017.08.21-19.35.19:800][  0]LogPackFactory: Copied "../../../Samples/StarterContent/Content/StarterContent/Textures/T_CobbleStone_Pebble_N.uasset" to "../../../../../../UE/Concern/Content/StarterContent/Textures/T_CobbleStone_Pebble_N.uasset"
[2017.08.21-19.35.19:804][  0]LogPackFactory: Copied "../../../Samples/StarterContent/Content/StarterContent/Textures/T_CobbleStone_Rough_D.uasset" to "../../../../../../UE/Concern/Content/StarterContent/Textures/T_CobbleStone_Rough_D.uasset"
[2017.08.21-19.35.19:809][  0]LogPackFactory: Copied "../../../Samples/StarterContent/Content/StarterContent/Textures/T_CobbleStone_Rough_N.uasset" to "../../../../../../UE/Concern/Content/StarterContent/Textures/T_CobbleStone_Rough_N.uasset"
[2017.08.21-19.35.19:815][  0]LogPackFactory: Copied "../../../Samples/StarterContent/Content/StarterContent/Textures/T_CobbleStone_Smooth_D.uasset" to "../../../../../../UE/Concern/Content/StarterContent/Textures/T_CobbleStone_Smooth_D.uasset"
[2017.08.21-19.35.19:820][  0]LogPackFactory: Copied "../../../Samples/StarterContent/Content/StarterContent/Textures/T_CobbleStone_Smooth_M.uasset" to "../../../../../../UE/Concern/Content/StarterContent/Textures/T_CobbleStone_Smooth_M.uasset"
[2017.08.21-19.35.19:827][  0]LogPackFactory: Copied "../../../Samples/StarterContent/Content/StarterContent/Textures/T_CobbleStone_Smooth_N.uasset" to "../../../../../../UE/Concern/Content/StarterContent/Textures/T_CobbleStone_Smooth_N.uasset"
[2017.08.21-19.35.19:836][  0]LogPackFactory: Copied "../../../Samples/StarterContent/Content/StarterContent/Textures/T_Concrete_Grime_D.uasset" to "../../../../../../UE/Concern/Content/StarterContent/Textures/T_Concrete_Grime_D.uasset"
[2017.08.21-19.35.19:867][  0]LogPackFactory: Copied "../../../Samples/StarterContent/Content/StarterContent/Textures/T_Concrete_Panels_D.uasset" to "../../../../../../UE/Concern/Content/StarterContent/Textures/T_Concrete_Panels_D.uasset"
[2017.08.21-19.35.19:876][  0]LogPackFactory: Copied "../../../Samples/StarterContent/Content/StarterContent/Textures/T_Concrete_Panels_N.uasset" to "../../../../../../UE/Concern/Content/StarterContent/Textures/T_Concrete_Panels_N.uasset"
[2017.08.21-19.35.19:885][  0]LogPackFactory: Copied "../../../Samples/StarterContent/Content/StarterContent/Textures/T_Concrete_Poured_D.uasset" to "../../../../../../UE/Concern/Content/StarterContent/Textures/T_Concrete_Poured_D.uasset"
[2017.08.21-19.35.19:892][  0]LogPackFactory: Copied "../../../Samples/StarterContent/Content/StarterContent/Textures/T_Concrete_Poured_N.uasset" to "../../../../../../UE/Concern/Content/StarterContent/Textures/T_Concrete_Poured_N.uasset"
[2017.08.21-19.35.19:897][  0]LogPackFactory: Copied "../../../Samples/StarterContent/Content/StarterContent/Textures/T_Concrete_Tiles_D.uasset" to "../../../../../../UE/Concern/Content/StarterContent/Textures/T_Concrete_Tiles_D.uasset"
[2017.08.21-19.35.19:903][  0]LogPackFactory: Copied "../../../Samples/StarterContent/Content/StarterContent/Textures/T_Concrete_Tiles_M.uasset" to "../../../../../../UE/Concern/Content/StarterContent/Textures/T_Concrete_Tiles_M.uasset"
[2017.08.21-19.35.19:909][  0]LogPackFactory: Copied "../../../Samples/StarterContent/Content/StarterContent/Textures/T_Concrete_Tiles_N.uasset" to "../../../../../../UE/Concern/Content/StarterContent/Textures/T_Concrete_Tiles_N.uasset"
[2017.08.21-19.35.19:912][  0]LogPackFactory: Copied "../../../Samples/StarterContent/Content/StarterContent/Textures/T_Concrete_Tiles_Variation_M.uasset" to "../../../../../../UE/Concern/Content/StarterContent/Textures/T_Concrete_Tiles_Variation_M.uasset"
[2017.08.21-19.35.19:917][  0]LogPackFactory: Copied "../../../Samples/StarterContent/Content/StarterContent/Textures/T_Detail_Rocky_N.uasset" to "../../../../../../UE/Concern/Content/StarterContent/Textures/T_Detail_Rocky_N.uasset"
[2017.08.21-19.35.19:920][  0]LogPackFactory: Copied "../../../Samples/StarterContent/Content/StarterContent/Textures/T_Door_M.uasset" to "../../../../../../UE/Concern/Content/StarterContent/Textures/T_Door_M.uasset"
[2017.08.21-19.35.19:924][  0]LogPackFactory: Copied "../../../Samples/StarterContent/Content/StarterContent/Textures/T_Door_N.uasset" to "../../../../../../UE/Concern/Content/StarterContent/Textures/T_Door_N.uasset"
[2017.08.21-19.35.19:927][  0]LogPackFactory: Copied "../../../Samples/StarterContent/Content/StarterContent/Textures/T_Dust_Particle_D.uasset" to "../../../../../../UE/Concern/Content/StarterContent/Textures/T_Dust_Particle_D.uasset"
[2017.08.21-19.35.19:931][  0]LogPackFactory: Copied "../../../Samples/StarterContent/Content/StarterContent/Textures/T_Explosion_SubUV.uasset" to "../../../../../../UE/Concern/Content/StarterContent/Textures/T_Explosion_SubUV.uasset"
[2017.08.21-19.35.19:935][  0]LogPackFactory: Copied "../../../Samples/StarterContent/Content/StarterContent/Textures/T_Fire_SubUV.uasset" to "../../../../../../UE/Concern/Content/StarterContent/Textures/T_Fire_SubUV.uasset"
[2017.08.21-19.35.19:938][  0]LogPackFactory: Copied "../../../Samples/StarterContent/Content/StarterContent/Textures/T_Fire_Tiled_D.uasset" to "../../../../../../UE/Concern/Content/StarterContent/Textures/T_Fire_Tiled_D.uasset"
[2017.08.21-19.35.19:942][  0]LogPackFactory: Copied "../../../Samples/StarterContent/Content/StarterContent/Textures/T_Frame_M.uasset" to "../../../../../../UE/Concern/Content/StarterContent/Textures/T_Frame_M.uasset"
[2017.08.21-19.35.19:946][  0]LogPackFactory: Copied "../../../Samples/StarterContent/Content/StarterContent/Textures/T_Frame_N.uasset" to "../../../../../../UE/Concern/Content/StarterContent/Textures/T_Frame_N.uasset"
[2017.08.21-19.35.19:949][  0]LogPackFactory: Copied "../../../Samples/StarterContent/Content/StarterContent/Textures/T_Gradinet_01.uasset" to "../../../../../../UE/Concern/Content/StarterContent/Textures/T_Gradinet_01.uasset"
[2017.08.21-19.35.19:957][  0]LogPackFactory: Copied "../../../Samples/StarterContent/Content/StarterContent/Textures/T_Ground_Grass_D.uasset" to "../../../../../../UE/Concern/Content/StarterContent/Textures/T_Ground_Grass_D.uasset"
[2017.08.21-19.35.19:965][  0]LogPackFactory: Copied "../../../Samples/StarterContent/Content/StarterContent/Textures/T_Ground_Grass_N.uasset" to "../../../../../../UE/Concern/Content/StarterContent/Textures/T_Ground_Grass_N.uasset"
[2017.08.21-19.35.19:972][  0]LogPackFactory: Copied "../../../Samples/StarterContent/Content/StarterContent/Textures/T_Ground_Gravel_D.uasset" to "../../../../../../UE/Concern/Content/StarterContent/Textures/T_Ground_Gravel_D.uasset"
[2017.08.21-19.35.19:978][  0]LogPackFactory: Copied "../../../Samples/StarterContent/Content/StarterContent/Textures/T_Ground_Gravel_N.uasset" to "../../../../../../UE/Concern/Content/StarterContent/Textures/T_Ground_Gravel_N.uasset"
[2017.08.21-19.35.19:986][  0]LogPackFactory: Copied "../../../Samples/StarterContent/Content/StarterContent/Textures/T_ground_Moss_D.uasset" to "../../../../../../UE/Concern/Content/StarterContent/Textures/T_ground_Moss_D.uasset"
[2017.08.21-19.35.19:992][  0]LogPackFactory: Copied "../../../Samples/StarterContent/Content/StarterContent/Textures/T_Ground_Moss_N.uasset" to "../../../../../../UE/Concern/Content/StarterContent/Textures/T_Ground_Moss_N.uasset"
[2017.08.21-19.35.19:996][  0]LogPackFactory: Copied "../../../Samples/StarterContent/Content/StarterContent/Textures/T_Lamp_M.uasset" to "../../../../../../UE/Concern/Content/StarterContent/Textures/T_Lamp_M.uasset"
[2017.08.21-19.35.20:000][  0]LogPackFactory: Copied "../../../Samples/StarterContent/Content/StarterContent/Textures/T_Lamp_N.uasset" to "../../../../../../UE/Concern/Content/StarterContent/Textures/T_Lamp_N.uasset"
[2017.08.21-19.35.20:007][  0]LogPackFactory: Copied "../../../Samples/StarterContent/Content/StarterContent/Textures/T_MacroVariation.uasset" to "../../../../../../UE/Concern/Content/StarterContent/Textures/T_MacroVariation.uasset"
[2017.08.21-19.35.20:014][  0]LogPackFactory: Copied "../../../Samples/StarterContent/Content/StarterContent/Textures/T_Metal_Aluminum_D.uasset" to "../../../../../../UE/Concern/Content/StarterContent/Textures/T_Metal_Aluminum_D.uasset"
[2017.08.21-19.35.20:020][  0]LogPackFactory: Copied "../../../Samples/StarterContent/Content/StarterContent/Textures/T_Metal_Copper_D.uasset" to "../../../../../../UE/Concern/Content/StarterContent/Textures/T_Metal_Copper_D.uasset"
[2017.08.21-19.35.20:027][  0]LogPackFactory: Copied "../../../Samples/StarterContent/Content/StarterContent/Textures/T_Metal_Gold_D.uasset" to "../../../../../../UE/Concern/Content/StarterContent/Textures/T_Metal_Gold_D.uasset"
[2017.08.21-19.35.20:031][  0]LogPackFactory: Copied "../../../Samples/StarterContent/Content/StarterContent/Textures/T_Metal_Gold_N.uasset" to "../../../../../../UE/Concern/Content/StarterContent/Textures/T_Metal_Gold_N.uasset"
[2017.08.21-19.35.20:038][  0]LogPackFactory: Copied "../../../Samples/StarterContent/Content/StarterContent/Textures/T_Metal_Rust_D.uasset" to "../../../../../../UE/Concern/Content/StarterContent/Textures/T_Metal_Rust_D.uasset"
[2017.08.21-19.35.20:044][  0]LogPackFactory: Copied "../../../Samples/StarterContent/Content/StarterContent/Textures/T_Metal_Rust_N.uasset" to "../../../../../../UE/Concern/Content/StarterContent/Textures/T_Metal_Rust_N.uasset"
[2017.08.21-19.35.20:049][  0]LogPackFactory: Copied "../../../Samples/StarterContent/Content/StarterContent/Textures/T_Metal_Steel_D.uasset" to "../../../../../../UE/Concern/Content/StarterContent/Textures/T_Metal_Steel_D.uasset"
[2017.08.21-19.35.20:053][  0]LogPackFactory: Copied "../../../Samples/StarterContent/Content/StarterContent/Textures/T_Metal_Steel_N.uasset" to "../../../../../../UE/Concern/Content/StarterContent/Textures/T_Metal_Steel_N.uasset"
[2017.08.21-19.35.20:076][  0]LogPackFactory: Copied "../../../Samples/StarterContent/Content/StarterContent/Textures/T_Perlin_Noise_M.uasset" to "../../../../../../UE/Concern/Content/StarterContent/Textures/T_Perlin_Noise_M.uasset"
[2017.08.21-19.35.20:080][  0]LogPackFactory: Copied "../../../Samples/StarterContent/Content/StarterContent/Textures/T_RockMesh_M.uasset" to "../../../../../../UE/Concern/Content/StarterContent/Textures/T_RockMesh_M.uasset"
[2017.08.21-19.35.20:085][  0]LogPackFactory: Copied "../../../Samples/StarterContent/Content/StarterContent/Textures/T_RockMesh_N.uasset" to "../../../../../../UE/Concern/Content/StarterContent/Textures/T_RockMesh_N.uasset"
[2017.08.21-19.35.20:093][  0]LogPackFactory: Copied "../../../Samples/StarterContent/Content/StarterContent/Textures/T_Rock_Basalt_D.uasset" to "../../../../../../UE/Concern/Content/StarterContent/Textures/T_Rock_Basalt_D.uasset"
[2017.08.21-19.35.20:099][  0]LogPackFactory: Copied "../../../Samples/StarterContent/Content/StarterContent/Textures/T_Rock_Basalt_N.uasset" to "../../../../../../UE/Concern/Content/StarterContent/Textures/T_Rock_Basalt_N.uasset"
[2017.08.21-19.35.20:104][  0]LogPackFactory: Copied "../../../Samples/StarterContent/Content/StarterContent/Textures/T_Rock_Marble_Polished_D.uasset" to "../../../../../../UE/Concern/Content/StarterContent/Textures/T_Rock_Marble_Polished_D.uasset"
[2017.08.21-19.35.20:111][  0]LogPackFactory: Copied "../../../Samples/StarterContent/Content/StarterContent/Textures/T_Rock_Sandstone_D.uasset" to "../../../../../../UE/Concern/Content/StarterContent/Textures/T_Rock_Sandstone_D.uasset"
[2017.08.21-19.35.20:118][  0]LogPackFactory: Copied "../../../Samples/StarterContent/Content/StarterContent/Textures/T_Rock_Sandstone_N.uasset" to "../../../../../../UE/Concern/Content/StarterContent/Textures/T_Rock_Sandstone_N.uasset"
[2017.08.21-19.35.20:126][  0]LogPackFactory: Copied "../../../Samples/StarterContent/Content/StarterContent/Textures/T_Rock_Slate_D.uasset" to "../../../../../../UE/Concern/Content/StarterContent/Textures/T_Rock_Slate_D.uasset"
[2017.08.21-19.35.20:133][  0]LogPackFactory: Copied "../../../Samples/StarterContent/Content/StarterContent/Textures/T_Rock_Slate_N.uasset" to "../../../../../../UE/Concern/Content/StarterContent/Textures/T_Rock_Slate_N.uasset"
[2017.08.21-19.35.20:139][  0]LogPackFactory: Copied "../../../Samples/StarterContent/Content/StarterContent/Textures/T_Rock_Smooth_Granite_D.uasset" to "../../../../../../UE/Concern/Content/StarterContent/Textures/T_Rock_Smooth_Granite_D.uasset"
[2017.08.21-19.35.20:142][  0]LogPackFactory: Copied "../../../Samples/StarterContent/Content/StarterContent/Textures/T_Shelf_M.uasset" to "../../../../../../UE/Concern/Content/StarterContent/Textures/T_Shelf_M.uasset"
[2017.08.21-19.35.20:146][  0]LogPackFactory: Copied "../../../Samples/StarterContent/Content/StarterContent/Textures/T_Shelf_N.uasset" to "../../../../../../UE/Concern/Content/StarterContent/Textures/T_Shelf_N.uasset"
[2017.08.21-19.35.20:149][  0]LogPackFactory: Copied "../../../Samples/StarterContent/Content/StarterContent/Textures/T_Single_Tile_N.uasset" to "../../../../../../UE/Concern/Content/StarterContent/Textures/T_Single_Tile_N.uasset"
[2017.08.21-19.35.20:153][  0]LogPackFactory: Copied "../../../Samples/StarterContent/Content/StarterContent/Textures/T_Smoke_SubUV.uasset" to "../../../../../../UE/Concern/Content/StarterContent/Textures/T_Smoke_SubUV.uasset"
[2017.08.21-19.35.20:156][  0]LogPackFactory: Copied "../../../Samples/StarterContent/Content/StarterContent/Textures/T_Smoke_Tiled_D.uasset" to "../../../../../../UE/Concern/Content/StarterContent/Textures/T_Smoke_Tiled_D.uasset"
[2017.08.21-19.35.20:160][  0]LogPackFactory: Copied "../../../Samples/StarterContent/Content/StarterContent/Textures/T_Spark_Core.uasset" to "../../../../../../UE/Concern/Content/StarterContent/Textures/T_Spark_Core.uasset"
[2017.08.21-19.35.20:163][  0]LogPackFactory: Copied "../../../Samples/StarterContent/Content/StarterContent/Textures/T_Statue_M.uasset" to "../../../../../../UE/Concern/Content/StarterContent/Textures/T_Statue_M.uasset"
[2017.08.21-19.35.20:166][  0]LogPackFactory: Copied "../../../Samples/StarterContent/Content/StarterContent/Textures/T_Statue_N.uasset" to "../../../../../../UE/Concern/Content/StarterContent/Textures/T_Statue_N.uasset"
[2017.08.21-19.35.20:169][  0]LogPackFactory: Copied "../../../Samples/StarterContent/Content/StarterContent/Textures/T_TableRound_M.uasset" to "../../../../../../UE/Concern/Content/StarterContent/Textures/T_TableRound_M.uasset"
[2017.08.21-19.35.20:173][  0]LogPackFactory: Copied "../../../Samples/StarterContent/Content/StarterContent/Textures/T_TableRound_N.uasset" to "../../../../../../UE/Concern/Content/StarterContent/Textures/T_TableRound_N.uasset"
[2017.08.21-19.35.20:176][  0]LogPackFactory: Copied "../../../Samples/StarterContent/Content/StarterContent/Textures/T_Tech_Dot_M.uasset" to "../../../../../../UE/Concern/Content/StarterContent/Textures/T_Tech_Dot_M.uasset"
[2017.08.21-19.35.20:179][  0]LogPackFactory: Copied "../../../Samples/StarterContent/Content/StarterContent/Textures/T_Tech_Dot_N.uasset" to "../../../../../../UE/Concern/Content/StarterContent/Textures/T_Tech_Dot_N.uasset"
[2017.08.21-19.35.20:183][  0]LogPackFactory: Copied "../../../Samples/StarterContent/Content/StarterContent/Textures/T_Tech_Hex_Tile_M.uasset" to "../../../../../../UE/Concern/Content/StarterContent/Textures/T_Tech_Hex_Tile_M.uasset"
[2017.08.21-19.35.20:186][  0]LogPackFactory: Copied "../../../Samples/StarterContent/Content/StarterContent/Textures/T_Tech_Hex_Tile_N.uasset" to "../../../../../../UE/Concern/Content/StarterContent/Textures/T_Tech_Hex_Tile_N.uasset"
[2017.08.21-19.35.20:190][  0]LogPackFactory: Copied "../../../Samples/StarterContent/Content/StarterContent/Textures/T_Tech_Panel_M.uasset" to "../../../../../../UE/Concern/Content/StarterContent/Textures/T_Tech_Panel_M.uasset"
[2017.08.21-19.35.20:194][  0]LogPackFactory: Copied "../../../Samples/StarterContent/Content/StarterContent/Textures/T_Tech_Panel_N.uasset" to "../../../../../../UE/Concern/Content/StarterContent/Textures/T_Tech_Panel_N.uasset"
[2017.08.21-19.35.20:198][  0]LogPackFactory: Copied "../../../Samples/StarterContent/Content/StarterContent/Textures/T_Water_M.uasset" to "../../../../../../UE/Concern/Content/StarterContent/Textures/T_Water_M.uasset"
[2017.08.21-19.35.20:202][  0]LogPackFactory: Copied "../../../Samples/StarterContent/Content/StarterContent/Textures/T_Water_N.uasset" to "../../../../../../UE/Concern/Content/StarterContent/Textures/T_Water_N.uasset"
[2017.08.21-19.35.20:207][  0]LogPackFactory: Copied "../../../Samples/StarterContent/Content/StarterContent/Textures/T_Wood_Floor_Walnut_D.uasset" to "../../../../../../UE/Concern/Content/StarterContent/Textures/T_Wood_Floor_Walnut_D.uasset"
[2017.08.21-19.35.20:212][  0]LogPackFactory: Copied "../../../Samples/StarterContent/Content/StarterContent/Textures/T_Wood_Floor_Walnut_M.uasset" to "../../../../../../UE/Concern/Content/StarterContent/Textures/T_Wood_Floor_Walnut_M.uasset"
[2017.08.21-19.35.20:216][  0]LogPackFactory: Copied "../../../Samples/StarterContent/Content/StarterContent/Textures/T_Wood_Floor_Walnut_N.uasset" to "../../../../../../UE/Concern/Content/StarterContent/Textures/T_Wood_Floor_Walnut_N.uasset"
[2017.08.21-19.35.20:221][  0]LogPackFactory: Copied "../../../Samples/StarterContent/Content/StarterContent/Textures/T_Wood_Oak_D.uasset" to "../../../../../../UE/Concern/Content/StarterContent/Textures/T_Wood_Oak_D.uasset"
[2017.08.21-19.35.20:227][  0]LogPackFactory: Copied "../../../Samples/StarterContent/Content/StarterContent/Textures/T_Wood_Oak_N.uasset" to "../../../../../../UE/Concern/Content/StarterContent/Textures/T_Wood_Oak_N.uasset"
[2017.08.21-19.35.20:234][  0]LogPackFactory: Copied "../../../Samples/StarterContent/Content/StarterContent/Textures/T_Wood_Pine_D.uasset" to "../../../../../../UE/Concern/Content/StarterContent/Textures/T_Wood_Pine_D.uasset"
[2017.08.21-19.35.20:238][  0]LogPackFactory: Copied "../../../Samples/StarterContent/Content/StarterContent/Textures/T_Wood_Pine_N.uasset" to "../../../../../../UE/Concern/Content/StarterContent/Textures/T_Wood_Pine_N.uasset"
[2017.08.21-19.35.20:243][  0]LogPackFactory: Copied "../../../Samples/StarterContent/Content/StarterContent/Textures/T_Wood_Walnut_D.uasset" to "../../../../../../UE/Concern/Content/StarterContent/Textures/T_Wood_Walnut_D.uasset"
[2017.08.21-19.35.20:248][  0]LogPackFactory: Copied "../../../Samples/StarterContent/Content/StarterContent/Textures/T_Wood_Walnut_N.uasset" to "../../../../../../UE/Concern/Content/StarterContent/Textures/T_Wood_Walnut_N.uasset"
[2017.08.21-19.35.20:310][  0]LogRenderer: Reallocating scene render targets to support 256x256 NumSamples 1 (Frame:1).
[2017.08.21-19.35.20:345][  0]Cmd: OBJ SAVEPACKAGE PACKAGE="/Game/StarterContent/Architecture/Floor_400x400" FILE="../../../../../../UE/Concern/Content/StarterContent/Architecture/Floor_400x400.uasset" SILENT=true
[2017.08.21-19.35.20:361][  0]LogSavePackage: Save=11.64ms
[2017.08.21-19.35.20:361][  0]LogSavePackage: Moving '../../../../../../UE/Concern/Saved/Floor_400x400AAF90DA24BE556A817D9EE8C8B9FCB09.tmp' to '../../../../../../UE/Concern/Content/StarterContent/Architecture/Floor_400x400.uasset'
[2017.08.21-19.35.20:364][  0]LogSavePackage:Display: Finished SavePackage ../../../../../../UE/Concern/Content/StarterContent/Architecture/Floor_400x400.uasset
[2017.08.21-19.35.20:364][  0]LogFeaturePack:Warning: Inserted 1 feature packs
[2017.08.21-19.35.20:367][  0]Cmd: MAP LOAD FILE="../../../../../../UE/Concern/Content/StarterContent/Maps/Minimal_Default.umap" TEMPLATE=0 SHOWPROGRESS=1 FEATURELEVEL=3
[2017.08.21-19.35.20:367][  0]LightingResults: New page: Lighting Build
[2017.08.21-19.35.20:388][  0]MapCheck: New page: Map Check
[2017.08.21-19.35.20:388][  0]LightingResults: New page: Lighting Build
[2017.08.21-19.35.20:621][  0]LogAIModule: Creating AISystem for world Minimal_Default
[2017.08.21-19.35.20:626][  0]LogEditorServer: Finished looking for orphan Actors (0.000 secs)
[2017.08.21-19.35.20:636][  0]Cmd: MAP CHECKDEP NOCLEARLOG
[2017.08.21-19.35.20:662][  0]MapCheck: Info Map check complete: 0 Error(s), 0 Warning(s), took 25.928ms to complete.
[2017.08.21-19.35.20:662][  0]LogFileHelpers: Loading map 'Minimal_Default' took 0.296
[2017.08.21-19.35.20:733][  0]LogWindowsTextInputMethodSystem:Display: IME system now deactivated.
[2017.08.21-19.35.20:758][  0]LogCollectionManager: Loaded 0 collections in 0.000571 seconds
[2017.08.21-19.35.20:815][  0]LogFileCache: Scanning file cache for directory 'E:/UE/Concern/Saved/Collections/' took 0.01s
[2017.08.21-19.35.20:815][  0]LogFileCache: Scanning file cache for directory 'E:/UE/Concern/Content/Developers/konast/Collections/' took 0.01s
[2017.08.21-19.35.20:815][  0]LogFileCache: Scanning file cache for directory 'E:/UE/Concern/Content/Collections/' took 0.01s
[2017.08.21-19.35.20:815][  0]LogCollectionManager: Rebuilt the GUID cache for 0 collections in 0.000001 seconds
[2017.08.21-19.35.20:821][  0]LogContentBrowser: Native class hierarchy populated in 0.0065 seconds. Added 2329 classes and 491 folders.
[2017.08.21-19.35.20:854][  0]LogContentBrowser: Native class hierarchy updated for 'WidgetCarousel' in 0.0004 seconds. Added 0 classes and 0 folders.
[2017.08.21-19.35.20:878][  0]LogContentBrowser: Native class hierarchy updated for 'AddContentDialog' in 0.0004 seconds. Added 0 classes and 0 folders.
[2017.08.21-19.35.20:924][  0]LogContentBrowser: Native class hierarchy updated for 'SceneOutliner' in 0.0004 seconds. Added 1 classes and 2 folders.
[2017.08.21-19.35.20:948][  0]LogCrashTracker: Crashtracker disabled due to settings.
[2017.08.21-19.35.20:953][  0]LogSlate: Took 0.000133 seconds to synchronously load lazily loaded font '../../../Engine/Content/Slate/Fonts/Roboto-Regular.ttf' (155K)
[2017.08.21-19.35.20:955][  0]LogSlate: Took 0.000207 seconds to synchronously load lazily loaded font '../../../Engine/Content/Editor/Slate/Fonts/FontAwesome.ttf' (139K)
[2017.08.21-19.35.20:956][  0]LogSlate: Took 0.000107 seconds to synchronously load lazily loaded font '../../../Engine/Content/Slate/Fonts/Roboto-Bold.ttf' (160K)
[2017.08.21-19.35.20:963][  0]LogSlate: Took 0.000160 seconds to synchronously load lazily loaded font '../../../Engine/Content/Slate/Fonts/Roboto-Light.ttf' (159K)
[2017.08.21-19.35.20:978][  0]LogRenderer: Reallocating scene render targets to support 1280x924 NumSamples 1 (Frame:1).
[2017.08.21-19.35.21:065][  0]LogUObjectGlobals:Warning: Failed to find object 'Class None.'
[2017.08.21-19.35.21:111][  0]LogContentBrowser: Native class hierarchy updated for 'HierarchicalLODOutliner' in 0.0005 seconds. Added 1 classes and 2 folders.
[2017.08.21-19.35.21:111][  0]LogLoad: (Engine Initialization) Total time: 12.03 seconds
[2017.08.21-19.35.21:111][  0]LogLoad: (Engine Initialization) Total Blueprint compile time: 0.06 seconds
[2017.08.21-19.35.21:111][  0]LogExternalProfiler: No external profilers were discovered.  External profiling features will not be available.
[2017.08.21-19.35.21:123][  0]LogOcInput: OculusInput pre-init called
[2017.08.21-19.35.21:123][  0]LogHMD: Starting GearVRController plugin
[2017.08.21-19.35.21:136][  0]LogAssetRegistry: Asset discovery search completed in 7.1933 seconds
[2017.08.21-19.35.21:137][  0]LogCollectionManager: Rebuilt the object cache for 0 collections in 0.000000 seconds (found 0 objects)
[2017.08.21-19.35.21:137][  0]LogCollectionManager: Fixed up redirectors for 0 collections in 0.000019 seconds (updated 0 objects)
[2017.08.21-19.35.22:527][  0]LogContentStreaming: Texture pool size now 800 MB
[2017.08.21-19.36.56:278][915]LogSlate: Only BGRA pngs, bmps or icos are supported in by External Image Picker
[2017.08.21-19.36.56:339][919]LogTemp: Executing iPhonePackager certificates Engine -bundlename com.YourCompany.Concern
[2017.08.21-19.36.56:339][919]LogTemp: CWD: E:\Program Files\Epic Games\UE_4.16\Engine\Binaries\DotNET\IOS
[2017.08.21-19.36.56:339][919]LogTemp: Initial Dir: E:\Program Files\Epic Games\UE_4.16
[2017.08.21-19.36.56:339][919]LogTemp: Env CWD: E:\Program Files\Epic Games\UE_4.16\Engine\Binaries\DotNET\IOS
[2017.08.21-19.36.56:339][919]LogTemp: BranchPath = DESKTOP-ATSIGRP/E/Program Files/Epic Games/UE_4.16/Engine/Binaries --- GameBranchPath = DESKTOP-ATSIGRP/E/Program Files/Epic Games/UE_4.16/Engine/Binaries
[2017.08.21-19.36.56:357][921]LogTemp: MATCHED-Provision:,File:,Cert:
[2017.08.21-19.42.11:212][545]LogSourceControl:Error: '../../../../../../UE/Concern/' is not part of a Git repository
[2017.08.21-19.42.53:016][494]SourceControl: Info On branch master
[2017.08.21-19.42.53:016][494]SourceControl: Info No commits yet
[2017.08.21-19.42.53:016][494]SourceControl: Info Untracked files:
[2017.08.21-19.42.53:016][494]SourceControl: Info   (use "git add <file>..." to include in what will be committed)
[2017.08.21-19.42.53:016][494]SourceControl: Info 	.gitignore
[2017.08.21-19.42.53:016][494]SourceControl: Info 	Concern.uproject
[2017.08.21-19.42.53:016][494]SourceControl: Info 	Config/
[2017.08.21-19.42.53:016][494]SourceControl: Info 	Content/
[2017.08.21-19.42.53:016][494]SourceControl: Info nothing added to commit but untracked files present (use "git add" to track)
[2017.08.21-19.42.58:819][189]SourceControl:Error: Error warning: LF will be replaced by CRLF in .gitignore.
[2017.08.21-19.42.58:819][189]SourceControl:Error: Error The file will have its original line endings in your working directory.
[2017.08.21-19.46.22:332][ 84]LogSlate: Took 0.000147 seconds to synchronously load lazily loaded font '../../../Engine/Content/Slate/Fonts/Roboto-Light.ttf' (159K)
[2017.08.21-19.46.22:349][ 84]Cmd: OBJ SAVEPACKAGE PACKAGE="/Game/StarterContent/Maps/Minimal_Default" FILE="../../../../../../UE/Concern/Content/StarterContent/Maps/Minimal_Default.umap" SILENT=true AUTOSAVING=false KEEPDIRTY=false
[2017.08.21-19.46.22:659][ 84]LogSavePackage: Save=285.68ms
[2017.08.21-19.46.22:659][ 84]LogSavePackage: Moving '../../../../../../UE/Concern/Saved/Minimal_Default87FD126A4B465BE30D2C368ED52990EA.tmp' to '../../../../../../UE/Concern/Content/StarterContent/Maps/Minimal_Default.umap'
[2017.08.21-19.46.22:659][ 84]LogSavePackage:Display: Finished SavePackage ../../../../../../UE/Concern/Content/StarterContent/Maps/Minimal_Default.umap
[2017.08.21-19.46.22:743][ 84]Cmd: OBJ SAVEPACKAGE PACKAGE="/Game/StarterContent/Maps/Minimal_Default_BuiltData" FILE="../../../../../../UE/Concern/Content/StarterContent/Maps/Minimal_Default_BuiltData.uasset" SILENT=true
[2017.08.21-19.46.22:823][ 84]LogSavePackage: Save=76.07ms
[2017.08.21-19.46.22:823][ 84]LogSavePackage: Moving '../../../../../../UE/Concern/Saved/Minimal_Default_BuiltDataEBA4C4C34E335F296B1FE8B13F05E2EE.tmp' to '../../../../../../UE/Concern/Content/StarterContent/Maps/Minimal_Default_BuiltData.uasset'
[2017.08.21-19.46.22:823][ 84]LogSavePackage:Display: Finished SavePackage ../../../../../../UE/Concern/Content/StarterContent/Maps/Minimal_Default_BuiltData.uasset
[2017.08.21-19.48.55:606][789]LogEditorViewport: Clicking on Actor (LMB): BP_Sky_Sphere_C (BP_Sky_Sphere)
[2017.08.21-19.50.18:124][578]LogWindowsTextInputMethodSystem:Display: IME system now deactivated.
[2017.08.21-19.50.18:124][578]LogWindowsTextInputMethodSystem:Display: IME system now deactivated.
